{"C:\\Users\\UTILISATEUR\\port-de-plaisance\\server\\app.js": {"path":"C:\\Users\\UTILISATEUR\\port-de-plaisance\\server\\app.js","statementMap":{"0":{"start":{"line":1,"column":14},"end":{"line":1,"column":32}},"1":{"start":{"line":2,"column":15},"end":{"line":2,"column":34}},"2":{"start":{"line":3,"column":11},"end":{"line":3,"column":26}},"3":{"start":{"line":4,"column":11},"end":{"line":4,"column":26}},"4":{"start":{"line":5,"column":14},"end":{"line":5,"column":40}},"5":{"start":{"line":6,"column":16},"end":{"line":6,"column":45}},"6":{"start":{"line":7,"column":18},"end":{"line":7,"column":45}},"7":{"start":{"line":8,"column":19},"end":{"line":8,"column":55}},"8":{"start":{"line":9,"column":19},"end":{"line":9,"column":43}},"9":{"start":{"line":10,"column":13},"end":{"line":10,"column":30}},"10":{"start":{"line":11,"column":13},"end":{"line":11,"column":30}},"11":{"start":{"line":12,"column":18},"end":{"line":12,"column":40}},"12":{"start":{"line":13,"column":0},"end":{"line":13,"column":27}},"13":{"start":{"line":16,"column":17},"end":{"line":16,"column":47}},"14":{"start":{"line":17,"column":17},"end":{"line":17,"column":47}},"15":{"start":{"line":18,"column":19},"end":{"line":18,"column":51}},"16":{"start":{"line":19,"column":24},"end":{"line":19,"column":61}},"17":{"start":{"line":20,"column":21},"end":{"line":20,"column":49}},"18":{"start":{"line":22,"column":10},"end":{"line":22,"column":19}},"19":{"start":{"line":25,"column":0},"end":{"line":33,"column":3}},"20":{"start":{"line":29,"column":4},"end":{"line":29,"column":47}},"21":{"start":{"line":31,"column":4},"end":{"line":31,"column":57}},"22":{"start":{"line":32,"column":4},"end":{"line":32,"column":20}},"23":{"start":{"line":36,"column":0},"end":{"line":36,"column":18}},"24":{"start":{"line":37,"column":0},"end":{"line":37,"column":23}},"25":{"start":{"line":38,"column":0},"end":{"line":38,"column":16}},"26":{"start":{"line":39,"column":0},"end":{"line":39,"column":23}},"27":{"start":{"line":40,"column":0},"end":{"line":40,"column":24}},"28":{"start":{"line":41,"column":0},"end":{"line":41,"column":48}},"29":{"start":{"line":42,"column":0},"end":{"line":42,"column":24}},"30":{"start":{"line":43,"column":0},"end":{"line":43,"column":59}},"31":{"start":{"line":46,"column":0},"end":{"line":46,"column":30}},"32":{"start":{"line":47,"column":0},"end":{"line":47,"column":51}},"33":{"start":{"line":50,"column":0},"end":{"line":58,"column":4}},"34":{"start":{"line":61,"column":0},"end":{"line":64,"column":3}},"35":{"start":{"line":62,"column":4},"end":{"line":62,"column":47}},"36":{"start":{"line":63,"column":4},"end":{"line":63,"column":11}},"37":{"start":{"line":67,"column":0},"end":{"line":67,"column":68}},"38":{"start":{"line":70,"column":0},"end":{"line":70,"column":33}},"39":{"start":{"line":71,"column":0},"end":{"line":71,"column":34}},"40":{"start":{"line":72,"column":0},"end":{"line":72,"column":38}},"41":{"start":{"line":73,"column":0},"end":{"line":73,"column":48}},"42":{"start":{"line":76,"column":0},"end":{"line":76,"column":29}},"43":{"start":{"line":79,"column":0},"end":{"line":84,"column":3}},"44":{"start":{"line":80,"column":4},"end":{"line":83,"column":7}},"45":{"start":{"line":87,"column":0},"end":{"line":87,"column":22}},"46":{"start":{"line":90,"column":0},"end":{"line":92,"column":3}},"47":{"start":{"line":91,"column":4},"end":{"line":91,"column":73}},"48":{"start":{"line":94,"column":0},"end":{"line":97,"column":3}},"49":{"start":{"line":95,"column":4},"end":{"line":95,"column":46}},"50":{"start":{"line":96,"column":4},"end":{"line":96,"column":20}},"51":{"start":{"line":99,"column":0},"end":{"line":99,"column":21}}},"fnMap":{"0":{"name":"(anonymous_0)","decl":{"start":{"line":28,"column":8},"end":{"line":28,"column":9}},"loc":{"start":{"line":28,"column":19},"end":{"line":30,"column":1}},"line":28},"1":{"name":"(anonymous_1)","decl":{"start":{"line":30,"column":9},"end":{"line":30,"column":10}},"loc":{"start":{"line":30,"column":23},"end":{"line":33,"column":1}},"line":30},"2":{"name":"(anonymous_2)","decl":{"start":{"line":61,"column":8},"end":{"line":61,"column":9}},"loc":{"start":{"line":61,"column":33},"end":{"line":64,"column":1}},"line":61},"3":{"name":"(anonymous_3)","decl":{"start":{"line":79,"column":8},"end":{"line":79,"column":9}},"loc":{"start":{"line":79,"column":33},"end":{"line":84,"column":1}},"line":79},"4":{"name":"(anonymous_4)","decl":{"start":{"line":90,"column":33},"end":{"line":90,"column":34}},"loc":{"start":{"line":90,"column":59},"end":{"line":92,"column":1}},"line":90},"5":{"name":"(anonymous_5)","decl":{"start":{"line":94,"column":32},"end":{"line":94,"column":33}},"loc":{"start":{"line":94,"column":46},"end":{"line":97,"column":1}},"line":94}},"branchMap":{"0":{"loc":{"start":{"line":25,"column":17},"end":{"line":25,"column":86}},"type":"binary-expr","locations":[{"start":{"line":25,"column":17},"end":{"line":25,"column":40}},{"start":{"line":25,"column":44},"end":{"line":25,"column":86}}],"line":25},"1":{"loc":{"start":{"line":51,"column":12},"end":{"line":51,"column":54}},"type":"binary-expr","locations":[{"start":{"line":51,"column":12},"end":{"line":51,"column":38}},{"start":{"line":51,"column":42},"end":{"line":51,"column":54}}],"line":51},"2":{"loc":{"start":{"line":62,"column":22},"end":{"line":62,"column":46}},"type":"binary-expr","locations":[{"start":{"line":62,"column":22},"end":{"line":62,"column":38}},{"start":{"line":62,"column":42},"end":{"line":62,"column":46}}],"line":62}},"s":{"0":3,"1":3,"2":3,"3":3,"4":3,"5":3,"6":3,"7":3,"8":3,"9":3,"10":3,"11":3,"12":3,"13":3,"14":3,"15":3,"16":3,"17":3,"18":3,"19":3,"20":3,"21":0,"22":0,"23":3,"24":3,"25":3,"26":3,"27":3,"28":3,"29":3,"30":3,"31":3,"32":3,"33":3,"34":3,"35":0,"36":0,"37":3,"38":3,"39":3,"40":3,"41":3,"42":3,"43":3,"44":0,"45":3,"46":3,"47":0,"48":3,"49":0,"50":0,"51":3},"f":{"0":3,"1":0,"2":0,"3":0,"4":0,"5":0},"b":{"0":[3,0],"1":[3,3],"2":[0,0]},"_coverageSchema":"1a1c01bbd47fc00a2c39e90264f33305004495a9","hash":"59196ac29480abfd8b0b462eaaa21e490f1ec595"}
,"C:\\Users\\UTILISATEUR\\port-de-plaisance\\server\\config\\config.js": {"path":"C:\\Users\\UTILISATEUR\\port-de-plaisance\\server\\config\\config.js","statementMap":{"0":{"start":{"line":1,"column":0},"end":{"line":45,"column":2}}},"fnMap":{},"branchMap":{"0":{"loc":{"start":{"line":4,"column":13},"end":{"line":4,"column":82}},"type":"binary-expr","locations":[{"start":{"line":4,"column":13},"end":{"line":4,"column":36}},{"start":{"line":4,"column":40},"end":{"line":4,"column":82}}],"line":4},"1":{"loc":{"start":{"line":13,"column":16},"end":{"line":13,"column":58}},"type":"binary-expr","locations":[{"start":{"line":13,"column":16},"end":{"line":13,"column":38}},{"start":{"line":13,"column":42},"end":{"line":13,"column":58}}],"line":13},"2":{"loc":{"start":{"line":26,"column":14},"end":{"line":26,"column":38}},"type":"binary-expr","locations":[{"start":{"line":26,"column":14},"end":{"line":26,"column":30}},{"start":{"line":26,"column":34},"end":{"line":26,"column":38}}],"line":26},"3":{"loc":{"start":{"line":27,"column":13},"end":{"line":27,"column":50}},"type":"binary-expr","locations":[{"start":{"line":27,"column":13},"end":{"line":27,"column":33}},{"start":{"line":27,"column":37},"end":{"line":27,"column":50}}],"line":27},"4":{"loc":{"start":{"line":42,"column":14},"end":{"line":42,"column":47}},"type":"binary-expr","locations":[{"start":{"line":42,"column":14},"end":{"line":42,"column":35}},{"start":{"line":42,"column":39},"end":{"line":42,"column":47}}],"line":42},"5":{"loc":{"start":{"line":43,"column":17},"end":{"line":43,"column":56}},"type":"binary-expr","locations":[{"start":{"line":43,"column":17},"end":{"line":43,"column":41}},{"start":{"line":43,"column":45},"end":{"line":43,"column":56}}],"line":43}},"s":{"0":4},"f":{},"b":{"0":[4,0],"1":[4,0],"2":[4,4],"3":[4,0],"4":[4,4],"5":[4,4]},"_coverageSchema":"1a1c01bbd47fc00a2c39e90264f33305004495a9","hash":"a3fc34532694394b3ef8dba885fb92b529fcfb90"}
,"C:\\Users\\UTILISATEUR\\port-de-plaisance\\server\\config\\swagger.js": {"path":"C:\\Users\\UTILISATEUR\\port-de-plaisance\\server\\config\\swagger.js","statementMap":{"0":{"start":{"line":1,"column":19},"end":{"line":1,"column":43}},"1":{"start":{"line":2,"column":16},"end":{"line":2,"column":45}},"2":{"start":{"line":3,"column":9},"end":{"line":3,"column":22}},"3":{"start":{"line":4,"column":11},"end":{"line":4,"column":26}},"4":{"start":{"line":5,"column":14},"end":{"line":5,"column":32}},"5":{"start":{"line":7,"column":14},"end":{"line":57,"column":1}},"6":{"start":{"line":59,"column":12},"end":{"line":59,"column":33}},"7":{"start":{"line":60,"column":10},"end":{"line":60,"column":19}},"8":{"start":{"line":62,"column":0},"end":{"line":66,"column":4}},"9":{"start":{"line":68,"column":0},"end":{"line":68,"column":23}}},"fnMap":{},"branchMap":{},"s":{"0":4,"1":4,"2":4,"3":4,"4":4,"5":4,"6":4,"7":4,"8":4,"9":4},"f":{},"b":{},"_coverageSchema":"1a1c01bbd47fc00a2c39e90264f33305004495a9","hash":"487bdc291ef4323500eae5e6769071a80a8392aa"}
,"C:\\Users\\UTILISATEUR\\port-de-plaisance\\server\\controllers\\catwayController.js": {"path":"C:\\Users\\UTILISATEUR\\port-de-plaisance\\server\\controllers\\catwayController.js","statementMap":{"0":{"start":{"line":1,"column":13},"end":{"line":1,"column":40}},"1":{"start":{"line":2,"column":18},"end":{"line":2,"column":50}},"2":{"start":{"line":7,"column":0},"end":{"line":119,"column":2}},"3":{"start":{"line":9,"column":21},"end":{"line":9,"column":23}},"4":{"start":{"line":10,"column":8},"end":{"line":10,"column":63}},"5":{"start":{"line":10,"column":28},"end":{"line":10,"column":63}},"6":{"start":{"line":11,"column":8},"end":{"line":11,"column":66}},"7":{"start":{"line":11,"column":29},"end":{"line":11,"column":66}},"8":{"start":{"line":13,"column":8},"end":{"line":23,"column":15}},"9":{"start":{"line":16,"column":16},"end":{"line":16,"column":34}},"10":{"start":{"line":19,"column":16},"end":{"line":22,"column":19}},"11":{"start":{"line":30,"column":8},"end":{"line":53,"column":15}},"12":{"start":{"line":32,"column":16},"end":{"line":34,"column":17}},"13":{"start":{"line":33,"column":20},"end":{"line":33,"column":82}},"14":{"start":{"line":36,"column":16},"end":{"line":46,"column":23}},"15":{"start":{"line":43,"column":40},"end":{"line":43,"column":57}},"16":{"start":{"line":44,"column":24},"end":{"line":44,"column":74}},"17":{"start":{"line":45,"column":24},"end":{"line":45,"column":44}},"18":{"start":{"line":49,"column":16},"end":{"line":52,"column":19}},"19":{"start":{"line":60,"column":24},"end":{"line":60,"column":44}},"20":{"start":{"line":61,"column":8},"end":{"line":75,"column":15}},"21":{"start":{"line":63,"column":16},"end":{"line":63,"column":45}},"22":{"start":{"line":66,"column":16},"end":{"line":70,"column":17}},"23":{"start":{"line":67,"column":20},"end":{"line":69,"column":23}},"24":{"start":{"line":71,"column":16},"end":{"line":74,"column":19}},"25":{"start":{"line":82,"column":8},"end":{"line":98,"column":15}},"26":{"start":{"line":88,"column":16},"end":{"line":90,"column":17}},"27":{"start":{"line":89,"column":20},"end":{"line":89,"column":82}},"28":{"start":{"line":91,"column":16},"end":{"line":91,"column":33}},"29":{"start":{"line":94,"column":16},"end":{"line":97,"column":19}},"30":{"start":{"line":105,"column":8},"end":{"line":117,"column":15}},"31":{"start":{"line":107,"column":16},"end":{"line":109,"column":17}},"32":{"start":{"line":108,"column":20},"end":{"line":108,"column":82}},"33":{"start":{"line":110,"column":16},"end":{"line":110,"column":69}},"34":{"start":{"line":113,"column":16},"end":{"line":116,"column":19}}},"fnMap":{"0":{"name":"(anonymous_0)","decl":{"start":{"line":8,"column":19},"end":{"line":8,"column":20}},"loc":{"start":{"line":8,"column":38},"end":{"line":24,"column":5}},"line":8},"1":{"name":"(anonymous_1)","decl":{"start":{"line":15,"column":18},"end":{"line":15,"column":19}},"loc":{"start":{"line":15,"column":36},"end":{"line":17,"column":13}},"line":15},"2":{"name":"(anonymous_2)","decl":{"start":{"line":18,"column":19},"end":{"line":18,"column":20}},"loc":{"start":{"line":18,"column":35},"end":{"line":23,"column":13}},"line":18},"3":{"name":"(anonymous_3)","decl":{"start":{"line":29,"column":19},"end":{"line":29,"column":20}},"loc":{"start":{"line":29,"column":38},"end":{"line":54,"column":5}},"line":29},"4":{"name":"(anonymous_4)","decl":{"start":{"line":31,"column":18},"end":{"line":31,"column":19}},"loc":{"start":{"line":31,"column":35},"end":{"line":47,"column":13}},"line":31},"5":{"name":"(anonymous_5)","decl":{"start":{"line":42,"column":26},"end":{"line":42,"column":27}},"loc":{"start":{"line":42,"column":55},"end":{"line":46,"column":21}},"line":42},"6":{"name":"(anonymous_6)","decl":{"start":{"line":48,"column":19},"end":{"line":48,"column":20}},"loc":{"start":{"line":48,"column":35},"end":{"line":53,"column":13}},"line":48},"7":{"name":"(anonymous_7)","decl":{"start":{"line":59,"column":18},"end":{"line":59,"column":19}},"loc":{"start":{"line":59,"column":37},"end":{"line":76,"column":5}},"line":59},"8":{"name":"(anonymous_8)","decl":{"start":{"line":62,"column":18},"end":{"line":62,"column":19}},"loc":{"start":{"line":62,"column":35},"end":{"line":64,"column":13}},"line":62},"9":{"name":"(anonymous_9)","decl":{"start":{"line":65,"column":19},"end":{"line":65,"column":20}},"loc":{"start":{"line":65,"column":35},"end":{"line":75,"column":13}},"line":65},"10":{"name":"(anonymous_10)","decl":{"start":{"line":81,"column":18},"end":{"line":81,"column":19}},"loc":{"start":{"line":81,"column":37},"end":{"line":99,"column":5}},"line":81},"11":{"name":"(anonymous_11)","decl":{"start":{"line":87,"column":18},"end":{"line":87,"column":19}},"loc":{"start":{"line":87,"column":35},"end":{"line":92,"column":13}},"line":87},"12":{"name":"(anonymous_12)","decl":{"start":{"line":93,"column":19},"end":{"line":93,"column":20}},"loc":{"start":{"line":93,"column":35},"end":{"line":98,"column":13}},"line":93},"13":{"name":"(anonymous_13)","decl":{"start":{"line":104,"column":18},"end":{"line":104,"column":19}},"loc":{"start":{"line":104,"column":37},"end":{"line":118,"column":5}},"line":104},"14":{"name":"(anonymous_14)","decl":{"start":{"line":106,"column":18},"end":{"line":106,"column":19}},"loc":{"start":{"line":106,"column":35},"end":{"line":111,"column":13}},"line":106},"15":{"name":"(anonymous_15)","decl":{"start":{"line":112,"column":19},"end":{"line":112,"column":20}},"loc":{"start":{"line":112,"column":35},"end":{"line":117,"column":13}},"line":112}},"branchMap":{"0":{"loc":{"start":{"line":10,"column":8},"end":{"line":10,"column":63}},"type":"if","locations":[{"start":{"line":10,"column":8},"end":{"line":10,"column":63}},{"start":{},"end":{}}],"line":10},"1":{"loc":{"start":{"line":11,"column":8},"end":{"line":11,"column":66}},"type":"if","locations":[{"start":{"line":11,"column":8},"end":{"line":11,"column":66}},{"start":{},"end":{}}],"line":11},"2":{"loc":{"start":{"line":32,"column":16},"end":{"line":34,"column":17}},"type":"if","locations":[{"start":{"line":32,"column":16},"end":{"line":34,"column":17}},{"start":{},"end":{}}],"line":32},"3":{"loc":{"start":{"line":66,"column":16},"end":{"line":70,"column":17}},"type":"if","locations":[{"start":{"line":66,"column":16},"end":{"line":70,"column":17}},{"start":{},"end":{}}],"line":66},"4":{"loc":{"start":{"line":88,"column":16},"end":{"line":90,"column":17}},"type":"if","locations":[{"start":{"line":88,"column":16},"end":{"line":90,"column":17}},{"start":{},"end":{}}],"line":88},"5":{"loc":{"start":{"line":107,"column":16},"end":{"line":109,"column":17}},"type":"if","locations":[{"start":{"line":107,"column":16},"end":{"line":109,"column":17}},{"start":{},"end":{}}],"line":107}},"s":{"0":3,"1":3,"2":3,"3":0,"4":0,"5":0,"6":0,"7":0,"8":0,"9":0,"10":0,"11":0,"12":0,"13":0,"14":0,"15":0,"16":0,"17":0,"18":0,"19":0,"20":0,"21":0,"22":0,"23":0,"24":0,"25":0,"26":0,"27":0,"28":0,"29":0,"30":0,"31":0,"32":0,"33":0,"34":0},"f":{"0":0,"1":0,"2":0,"3":0,"4":0,"5":0,"6":0,"7":0,"8":0,"9":0,"10":0,"11":0,"12":0,"13":0,"14":0,"15":0},"b":{"0":[0,0],"1":[0,0],"2":[0,0],"3":[0,0],"4":[0,0],"5":[0,0]},"_coverageSchema":"1a1c01bbd47fc00a2c39e90264f33305004495a9","hash":"62ed859568f10be8f895af71a96af2cc6a519162"}
,"C:\\Users\\UTILISATEUR\\port-de-plaisance\\server\\controllers\\userController.js": {"path":"C:\\Users\\UTILISATEUR\\port-de-plaisance\\server\\controllers\\userController.js","statementMap":{"0":{"start":{"line":1,"column":11},"end":{"line":1,"column":36}},"1":{"start":{"line":6,"column":0},"end":{"line":15,"column":2}},"2":{"start":{"line":7,"column":4},"end":{"line":14,"column":11}},"3":{"start":{"line":10,"column":12},"end":{"line":10,"column":28}},"4":{"start":{"line":13,"column":12},"end":{"line":13,"column":61}},"5":{"start":{"line":20,"column":0},"end":{"line":32,"column":2}},"6":{"start":{"line":21,"column":4},"end":{"line":31,"column":11}},"7":{"start":{"line":24,"column":12},"end":{"line":26,"column":13}},"8":{"start":{"line":25,"column":16},"end":{"line":25,"column":83}},"9":{"start":{"line":27,"column":12},"end":{"line":27,"column":27}},"10":{"start":{"line":30,"column":12},"end":{"line":30,"column":61}},"11":{"start":{"line":37,"column":0},"end":{"line":48,"column":2}},"12":{"start":{"line":38,"column":18},"end":{"line":38,"column":36}},"13":{"start":{"line":39,"column":4},"end":{"line":47,"column":11}},"14":{"start":{"line":41,"column":31},"end":{"line":41,"column":46}},"15":{"start":{"line":42,"column":12},"end":{"line":42,"column":41}},"16":{"start":{"line":43,"column":12},"end":{"line":43,"column":47}},"17":{"start":{"line":46,"column":12},"end":{"line":46,"column":61}},"18":{"start":{"line":53,"column":0},"end":{"line":69,"column":2}},"19":{"start":{"line":54,"column":4},"end":{"line":68,"column":11}},"20":{"start":{"line":61,"column":12},"end":{"line":63,"column":13}},"21":{"start":{"line":62,"column":16},"end":{"line":62,"column":83}},"22":{"start":{"line":64,"column":12},"end":{"line":64,"column":27}},"23":{"start":{"line":67,"column":12},"end":{"line":67,"column":61}},"24":{"start":{"line":74,"column":0},"end":{"line":85,"column":2}},"25":{"start":{"line":75,"column":4},"end":{"line":84,"column":11}},"26":{"start":{"line":77,"column":12},"end":{"line":79,"column":13}},"27":{"start":{"line":78,"column":16},"end":{"line":78,"column":83}},"28":{"start":{"line":80,"column":12},"end":{"line":80,"column":70}},"29":{"start":{"line":83,"column":12},"end":{"line":83,"column":61}},"30":{"start":{"line":90,"column":0},"end":{"line":128,"column":2}},"31":{"start":{"line":91,"column":16},"end":{"line":91,"column":30}},"32":{"start":{"line":92,"column":19},"end":{"line":92,"column":36}},"33":{"start":{"line":95,"column":4},"end":{"line":127,"column":11}},"34":{"start":{"line":97,"column":12},"end":{"line":97,"column":29}},"35":{"start":{"line":98,"column":12},"end":{"line":102,"column":13}},"36":{"start":{"line":99,"column":16},"end":{"line":101,"column":19}},"37":{"start":{"line":104,"column":12},"end":{"line":104,"column":59}},"38":{"start":{"line":107,"column":12},"end":{"line":109,"column":13}},"39":{"start":{"line":108,"column":16},"end":{"line":108,"column":83}},"40":{"start":{"line":112,"column":12},"end":{"line":112,"column":45}},"41":{"start":{"line":113,"column":12},"end":{"line":113,"column":36}},"42":{"start":{"line":117,"column":24},"end":{"line":121,"column":13}},"43":{"start":{"line":123,"column":12},"end":{"line":123,"column":39}},"44":{"start":{"line":126,"column":12},"end":{"line":126,"column":77}},"45":{"start":{"line":133,"column":0},"end":{"line":136,"column":2}},"46":{"start":{"line":135,"column":4},"end":{"line":135,"column":49}}},"fnMap":{"0":{"name":"(anonymous_0)","decl":{"start":{"line":6,"column":22},"end":{"line":6,"column":23}},"loc":{"start":{"line":6,"column":41},"end":{"line":15,"column":1}},"line":6},"1":{"name":"(anonymous_1)","decl":{"start":{"line":9,"column":14},"end":{"line":9,"column":15}},"loc":{"start":{"line":9,"column":30},"end":{"line":11,"column":9}},"line":9},"2":{"name":"(anonymous_2)","decl":{"start":{"line":12,"column":15},"end":{"line":12,"column":16}},"loc":{"start":{"line":12,"column":31},"end":{"line":14,"column":9}},"line":12},"3":{"name":"(anonymous_3)","decl":{"start":{"line":20,"column":25},"end":{"line":20,"column":26}},"loc":{"start":{"line":20,"column":44},"end":{"line":32,"column":1}},"line":20},"4":{"name":"(anonymous_4)","decl":{"start":{"line":23,"column":14},"end":{"line":23,"column":15}},"loc":{"start":{"line":23,"column":29},"end":{"line":28,"column":9}},"line":23},"5":{"name":"(anonymous_5)","decl":{"start":{"line":29,"column":15},"end":{"line":29,"column":16}},"loc":{"start":{"line":29,"column":31},"end":{"line":31,"column":9}},"line":29},"6":{"name":"(anonymous_6)","decl":{"start":{"line":37,"column":21},"end":{"line":37,"column":22}},"loc":{"start":{"line":37,"column":40},"end":{"line":48,"column":1}},"line":37},"7":{"name":"(anonymous_7)","decl":{"start":{"line":40,"column":14},"end":{"line":40,"column":15}},"loc":{"start":{"line":40,"column":29},"end":{"line":44,"column":9}},"line":40},"8":{"name":"(anonymous_8)","decl":{"start":{"line":45,"column":15},"end":{"line":45,"column":16}},"loc":{"start":{"line":45,"column":31},"end":{"line":47,"column":9}},"line":45},"9":{"name":"(anonymous_9)","decl":{"start":{"line":53,"column":21},"end":{"line":53,"column":22}},"loc":{"start":{"line":53,"column":40},"end":{"line":69,"column":1}},"line":53},"10":{"name":"(anonymous_10)","decl":{"start":{"line":60,"column":14},"end":{"line":60,"column":15}},"loc":{"start":{"line":60,"column":29},"end":{"line":65,"column":9}},"line":60},"11":{"name":"(anonymous_11)","decl":{"start":{"line":66,"column":15},"end":{"line":66,"column":16}},"loc":{"start":{"line":66,"column":31},"end":{"line":68,"column":9}},"line":66},"12":{"name":"(anonymous_12)","decl":{"start":{"line":74,"column":21},"end":{"line":74,"column":22}},"loc":{"start":{"line":74,"column":40},"end":{"line":85,"column":1}},"line":74},"13":{"name":"(anonymous_13)","decl":{"start":{"line":76,"column":14},"end":{"line":76,"column":15}},"loc":{"start":{"line":76,"column":29},"end":{"line":81,"column":9}},"line":76},"14":{"name":"(anonymous_14)","decl":{"start":{"line":82,"column":15},"end":{"line":82,"column":16}},"loc":{"start":{"line":82,"column":31},"end":{"line":84,"column":9}},"line":82},"15":{"name":"(anonymous_15)","decl":{"start":{"line":90,"column":16},"end":{"line":90,"column":17}},"loc":{"start":{"line":90,"column":35},"end":{"line":128,"column":1}},"line":90},"16":{"name":"(anonymous_16)","decl":{"start":{"line":96,"column":14},"end":{"line":96,"column":15}},"loc":{"start":{"line":96,"column":29},"end":{"line":105,"column":9}},"line":96},"17":{"name":"(anonymous_17)","decl":{"start":{"line":106,"column":14},"end":{"line":106,"column":15}},"loc":{"start":{"line":106,"column":40},"end":{"line":114,"column":9}},"line":106},"18":{"name":"(anonymous_18)","decl":{"start":{"line":115,"column":14},"end":{"line":115,"column":15}},"loc":{"start":{"line":115,"column":29},"end":{"line":124,"column":9}},"line":115},"19":{"name":"(anonymous_19)","decl":{"start":{"line":125,"column":15},"end":{"line":125,"column":16}},"loc":{"start":{"line":125,"column":31},"end":{"line":127,"column":9}},"line":125},"20":{"name":"(anonymous_20)","decl":{"start":{"line":133,"column":17},"end":{"line":133,"column":18}},"loc":{"start":{"line":133,"column":36},"end":{"line":136,"column":1}},"line":133}},"branchMap":{"0":{"loc":{"start":{"line":24,"column":12},"end":{"line":26,"column":13}},"type":"if","locations":[{"start":{"line":24,"column":12},"end":{"line":26,"column":13}},{"start":{},"end":{}}],"line":24},"1":{"loc":{"start":{"line":61,"column":12},"end":{"line":63,"column":13}},"type":"if","locations":[{"start":{"line":61,"column":12},"end":{"line":63,"column":13}},{"start":{},"end":{}}],"line":61},"2":{"loc":{"start":{"line":77,"column":12},"end":{"line":79,"column":13}},"type":"if","locations":[{"start":{"line":77,"column":12},"end":{"line":79,"column":13}},{"start":{},"end":{}}],"line":77},"3":{"loc":{"start":{"line":98,"column":12},"end":{"line":102,"column":13}},"type":"if","locations":[{"start":{"line":98,"column":12},"end":{"line":102,"column":13}},{"start":{},"end":{}}],"line":98},"4":{"loc":{"start":{"line":98,"column":16},"end":{"line":98,"column":37}},"type":"binary-expr","locations":[{"start":{"line":98,"column":16},"end":{"line":98,"column":21}},{"start":{"line":98,"column":25},"end":{"line":98,"column":37}}],"line":98},"5":{"loc":{"start":{"line":107,"column":12},"end":{"line":109,"column":13}},"type":"if","locations":[{"start":{"line":107,"column":12},"end":{"line":109,"column":13}},{"start":{},"end":{}}],"line":107}},"s":{"0":3,"1":3,"2":0,"3":0,"4":0,"5":3,"6":0,"7":0,"8":0,"9":0,"10":0,"11":3,"12":0,"13":0,"14":0,"15":0,"16":0,"17":0,"18":3,"19":0,"20":0,"21":0,"22":0,"23":0,"24":3,"25":0,"26":0,"27":0,"28":0,"29":0,"30":3,"31":0,"32":0,"33":0,"34":0,"35":0,"36":0,"37":0,"38":0,"39":0,"40":0,"41":0,"42":0,"43":0,"44":0,"45":3,"46":0},"f":{"0":0,"1":0,"2":0,"3":0,"4":0,"5":0,"6":0,"7":0,"8":0,"9":0,"10":0,"11":0,"12":0,"13":0,"14":0,"15":0,"16":0,"17":0,"18":0,"19":0,"20":0},"b":{"0":[0,0],"1":[0,0],"2":[0,0],"3":[0,0],"4":[0,0],"5":[0,0]},"_coverageSchema":"1a1c01bbd47fc00a2c39e90264f33305004495a9","hash":"8c07b3527985686f8eac90ed31cd4352aeff1835"}
,"C:\\Users\\UTILISATEUR\\port-de-plaisance\\server\\middleware\\auth.js": {"path":"C:\\Users\\UTILISATEUR\\port-de-plaisance\\server\\middleware\\auth.js","statementMap":{"0":{"start":{"line":1,"column":10},"end":{"line":1,"column":33}},"1":{"start":{"line":2,"column":13},"end":{"line":2,"column":40}},"2":{"start":{"line":8,"column":11},"end":{"line":23,"column":1}},"3":{"start":{"line":9,"column":16},"end":{"line":10,"column":78}},"4":{"start":{"line":12,"column":4},"end":{"line":14,"column":5}},"5":{"start":{"line":13,"column":8},"end":{"line":13,"column":69}},"6":{"start":{"line":16,"column":4},"end":{"line":22,"column":5}},"7":{"start":{"line":17,"column":22},"end":{"line":17,"column":58}},"8":{"start":{"line":18,"column":8},"end":{"line":18,"column":27}},"9":{"start":{"line":19,"column":8},"end":{"line":19,"column":15}},"10":{"start":{"line":21,"column":8},"end":{"line":21,"column":67}},"11":{"start":{"line":28,"column":14},"end":{"line":35,"column":1}},"12":{"start":{"line":29,"column":4},"end":{"line":33,"column":5}},"13":{"start":{"line":30,"column":8},"end":{"line":32,"column":11}},"14":{"start":{"line":34,"column":4},"end":{"line":34,"column":11}},"15":{"start":{"line":40,"column":21},"end":{"line":50,"column":1}},"16":{"start":{"line":41,"column":4},"end":{"line":49,"column":6}},"17":{"start":{"line":42,"column":8},"end":{"line":48,"column":9}},"18":{"start":{"line":43,"column":12},"end":{"line":43,"column":19}},"19":{"start":{"line":45,"column":12},"end":{"line":47,"column":15}},"20":{"start":{"line":55,"column":22},"end":{"line":63,"column":1}},"21":{"start":{"line":56,"column":4},"end":{"line":62,"column":5}},"22":{"start":{"line":57,"column":8},"end":{"line":59,"column":11}},"23":{"start":{"line":61,"column":8},"end":{"line":61,"column":18}},"24":{"start":{"line":68,"column":13},"end":{"line":71,"column":1}},"25":{"start":{"line":69,"column":4},"end":{"line":69,"column":29}},"26":{"start":{"line":70,"column":4},"end":{"line":70,"column":49}},"27":{"start":{"line":73,"column":0},"end":{"line":79,"column":2}}},"fnMap":{"0":{"name":"(anonymous_0)","decl":{"start":{"line":8,"column":11},"end":{"line":8,"column":12}},"loc":{"start":{"line":8,"column":36},"end":{"line":23,"column":1}},"line":8},"1":{"name":"(anonymous_1)","decl":{"start":{"line":28,"column":14},"end":{"line":28,"column":15}},"loc":{"start":{"line":28,"column":39},"end":{"line":35,"column":1}},"line":28},"2":{"name":"(anonymous_2)","decl":{"start":{"line":40,"column":21},"end":{"line":40,"column":22}},"loc":{"start":{"line":40,"column":32},"end":{"line":50,"column":1}},"line":40},"3":{"name":"(anonymous_3)","decl":{"start":{"line":41,"column":11},"end":{"line":41,"column":12}},"loc":{"start":{"line":41,"column":36},"end":{"line":49,"column":5}},"line":41},"4":{"name":"(anonymous_4)","decl":{"start":{"line":55,"column":22},"end":{"line":55,"column":23}},"loc":{"start":{"line":55,"column":52},"end":{"line":63,"column":1}},"line":55},"5":{"name":"(anonymous_5)","decl":{"start":{"line":68,"column":13},"end":{"line":68,"column":14}},"loc":{"start":{"line":68,"column":32},"end":{"line":71,"column":1}},"line":68}},"branchMap":{"0":{"loc":{"start":{"line":9,"column":16},"end":{"line":10,"column":78}},"type":"binary-expr","locations":[{"start":{"line":9,"column":16},"end":{"line":9,"column":33}},{"start":{"line":10,"column":9},"end":{"line":10,"column":34}},{"start":{"line":10,"column":38},"end":{"line":10,"column":77}}],"line":9},"1":{"loc":{"start":{"line":12,"column":4},"end":{"line":14,"column":5}},"type":"if","locations":[{"start":{"line":12,"column":4},"end":{"line":14,"column":5}},{"start":{},"end":{}}],"line":12},"2":{"loc":{"start":{"line":29,"column":4},"end":{"line":33,"column":5}},"type":"if","locations":[{"start":{"line":29,"column":4},"end":{"line":33,"column":5}},{"start":{},"end":{}}],"line":29},"3":{"loc":{"start":{"line":29,"column":8},"end":{"line":29,"column":46}},"type":"binary-expr","locations":[{"start":{"line":29,"column":8},"end":{"line":29,"column":17}},{"start":{"line":29,"column":21},"end":{"line":29,"column":46}}],"line":29},"4":{"loc":{"start":{"line":42,"column":8},"end":{"line":48,"column":9}},"type":"if","locations":[{"start":{"line":42,"column":8},"end":{"line":48,"column":9}},{"start":{"line":44,"column":15},"end":{"line":48,"column":9}}],"line":42},"5":{"loc":{"start":{"line":42,"column":12},"end":{"line":42,"column":76}},"type":"binary-expr","locations":[{"start":{"line":42,"column":12},"end":{"line":42,"column":37}},{"start":{"line":42,"column":41},"end":{"line":42,"column":76}}],"line":42},"6":{"loc":{"start":{"line":56,"column":4},"end":{"line":62,"column":5}},"type":"if","locations":[{"start":{"line":56,"column":4},"end":{"line":62,"column":5}},{"start":{"line":60,"column":11},"end":{"line":62,"column":5}}],"line":56}},"s":{"0":4,"1":4,"2":4,"3":5,"4":5,"5":1,"6":4,"7":4,"8":3,"9":3,"10":1,"11":4,"12":2,"13":1,"14":1,"15":4,"16":8,"17":2,"18":2,"19":0,"20":4,"21":0,"22":0,"23":0,"24":4,"25":0,"26":0,"27":4},"f":{"0":5,"1":2,"2":8,"3":2,"4":0,"5":0},"b":{"0":[5,4,3],"1":[1,4],"2":[1,1],"3":[2,2],"4":[2,0],"5":[2,1],"6":[0,0]},"_coverageSchema":"1a1c01bbd47fc00a2c39e90264f33305004495a9","hash":"fab5519c09cab1e79176c060a1f11b038e0b517c"}
,"C:\\Users\\UTILISATEUR\\port-de-plaisance\\server\\middleware\\errorHandler.js": {"path":"C:\\Users\\UTILISATEUR\\port-de-plaisance\\server\\middleware\\errorHandler.js","statementMap":{"0":{"start":{"line":10,"column":4},"end":{"line":12,"column":5}},"1":{"start":{"line":11,"column":8},"end":{"line":11,"column":33}},"2":{"start":{"line":15,"column":4},"end":{"line":26,"column":5}},"3":{"start":{"line":16,"column":8},"end":{"line":25,"column":11}},"4":{"start":{"line":20,"column":16},"end":{"line":23,"column":18}},"5":{"start":{"line":29,"column":4},"end":{"line":35,"column":5}},"6":{"start":{"line":30,"column":8},"end":{"line":34,"column":11}},"7":{"start":{"line":38,"column":4},"end":{"line":44,"column":5}},"8":{"start":{"line":39,"column":8},"end":{"line":43,"column":11}},"9":{"start":{"line":47,"column":4},"end":{"line":52,"column":5}},"10":{"start":{"line":48,"column":8},"end":{"line":51,"column":11}},"11":{"start":{"line":54,"column":4},"end":{"line":59,"column":5}},"12":{"start":{"line":55,"column":8},"end":{"line":58,"column":11}},"13":{"start":{"line":62,"column":4},"end":{"line":74,"column":5}},"14":{"start":{"line":63,"column":23},"end":{"line":66,"column":9}},"15":{"start":{"line":69,"column":8},"end":{"line":71,"column":9}},"16":{"start":{"line":70,"column":12},"end":{"line":70,"column":39}},"17":{"start":{"line":73,"column":8},"end":{"line":73,"column":60}},"18":{"start":{"line":77,"column":4},"end":{"line":80,"column":7}},"19":{"start":{"line":83,"column":0},"end":{"line":83,"column":30}}},"fnMap":{"0":{"name":"errorHandler","decl":{"start":{"line":8,"column":9},"end":{"line":8,"column":21}},"loc":{"start":{"line":8,"column":43},"end":{"line":81,"column":1}},"line":8},"1":{"name":"(anonymous_1)","decl":{"start":{"line":19,"column":51},"end":{"line":19,"column":52}},"loc":{"start":{"line":19,"column":63},"end":{"line":24,"column":13}},"line":19}},"branchMap":{"0":{"loc":{"start":{"line":10,"column":4},"end":{"line":12,"column":5}},"type":"if","locations":[{"start":{"line":10,"column":4},"end":{"line":12,"column":5}},{"start":{},"end":{}}],"line":10},"1":{"loc":{"start":{"line":15,"column":4},"end":{"line":26,"column":5}},"type":"if","locations":[{"start":{"line":15,"column":4},"end":{"line":26,"column":5}},{"start":{},"end":{}}],"line":15},"2":{"loc":{"start":{"line":29,"column":4},"end":{"line":35,"column":5}},"type":"if","locations":[{"start":{"line":29,"column":4},"end":{"line":35,"column":5}},{"start":{},"end":{}}],"line":29},"3":{"loc":{"start":{"line":38,"column":4},"end":{"line":44,"column":5}},"type":"if","locations":[{"start":{"line":38,"column":4},"end":{"line":44,"column":5}},{"start":{},"end":{}}],"line":38},"4":{"loc":{"start":{"line":47,"column":4},"end":{"line":52,"column":5}},"type":"if","locations":[{"start":{"line":47,"column":4},"end":{"line":52,"column":5}},{"start":{},"end":{}}],"line":47},"5":{"loc":{"start":{"line":54,"column":4},"end":{"line":59,"column":5}},"type":"if","locations":[{"start":{"line":54,"column":4},"end":{"line":59,"column":5}},{"start":{},"end":{}}],"line":54},"6":{"loc":{"start":{"line":62,"column":4},"end":{"line":74,"column":5}},"type":"if","locations":[{"start":{"line":62,"column":4},"end":{"line":74,"column":5}},{"start":{},"end":{}}],"line":62},"7":{"loc":{"start":{"line":65,"column":21},"end":{"line":65,"column":60}},"type":"binary-expr","locations":[{"start":{"line":65,"column":21},"end":{"line":65,"column":32}},{"start":{"line":65,"column":36},"end":{"line":65,"column":60}}],"line":65},"8":{"loc":{"start":{"line":69,"column":8},"end":{"line":71,"column":9}},"type":"if","locations":[{"start":{"line":69,"column":8},"end":{"line":71,"column":9}},{"start":{},"end":{}}],"line":69},"9":{"loc":{"start":{"line":73,"column":26},"end":{"line":73,"column":43}},"type":"binary-expr","locations":[{"start":{"line":73,"column":26},"end":{"line":73,"column":36}},{"start":{"line":73,"column":40},"end":{"line":73,"column":43}}],"line":73},"10":{"loc":{"start":{"line":77,"column":15},"end":{"line":77,"column":32}},"type":"binary-expr","locations":[{"start":{"line":77,"column":15},"end":{"line":77,"column":25}},{"start":{"line":77,"column":29},"end":{"line":77,"column":32}}],"line":77},"11":{"loc":{"start":{"line":78,"column":17},"end":{"line":78,"column":48}},"type":"binary-expr","locations":[{"start":{"line":78,"column":17},"end":{"line":78,"column":28}},{"start":{"line":78,"column":32},"end":{"line":78,"column":48}}],"line":78},"12":{"loc":{"start":{"line":79,"column":15},"end":{"line":79,"column":64}},"type":"cond-expr","locations":[{"start":{"line":79,"column":56},"end":{"line":79,"column":59}},{"start":{"line":79,"column":62},"end":{"line":79,"column":64}}],"line":79}},"s":{"0":0,"1":0,"2":0,"3":0,"4":0,"5":0,"6":0,"7":0,"8":0,"9":0,"10":0,"11":0,"12":0,"13":0,"14":0,"15":0,"16":0,"17":0,"18":0,"19":3},"f":{"0":0,"1":0},"b":{"0":[0,0],"1":[0,0],"2":[0,0],"3":[0,0],"4":[0,0],"5":[0,0],"6":[0,0],"7":[0,0],"8":[0,0],"9":[0,0],"10":[0,0],"11":[0,0],"12":[0,0]},"_coverageSchema":"1a1c01bbd47fc00a2c39e90264f33305004495a9","hash":"44673349836b3f720619128411f30b02dbb060c1"}
,"C:\\Users\\UTILISATEUR\\port-de-plaisance\\server\\middleware\\isAdmin.js": {"path":"C:\\Users\\UTILISATEUR\\port-de-plaisance\\server\\middleware\\isAdmin.js","statementMap":{"0":{"start":{"line":1,"column":0},"end":{"line":6,"column":2}},"1":{"start":{"line":2,"column":4},"end":{"line":4,"column":5}},"2":{"start":{"line":3,"column":8},"end":{"line":3,"column":65}},"3":{"start":{"line":5,"column":4},"end":{"line":5,"column":11}}},"fnMap":{"0":{"name":"(anonymous_0)","decl":{"start":{"line":1,"column":17},"end":{"line":1,"column":18}},"loc":{"start":{"line":1,"column":42},"end":{"line":6,"column":1}},"line":1}},"branchMap":{"0":{"loc":{"start":{"line":2,"column":4},"end":{"line":4,"column":5}},"type":"if","locations":[{"start":{"line":2,"column":4},"end":{"line":4,"column":5}},{"start":{},"end":{}}],"line":2},"1":{"loc":{"start":{"line":2,"column":8},"end":{"line":2,"column":46}},"type":"binary-expr","locations":[{"start":{"line":2,"column":8},"end":{"line":2,"column":17}},{"start":{"line":2,"column":21},"end":{"line":2,"column":46}}],"line":2}},"s":{"0":4,"1":4,"2":3,"3":1},"f":{"0":4},"b":{"0":[3,1],"1":[4,4]},"_coverageSchema":"1a1c01bbd47fc00a2c39e90264f33305004495a9","hash":"c8f0a391873735636a869e260fa43fc93707d5df"}
,"C:\\Users\\UTILISATEUR\\port-de-plaisance\\server\\models\\catway.js": {"path":"C:\\Users\\UTILISATEUR\\port-de-plaisance\\server\\models\\catway.js","statementMap":{"0":{"start":{"line":1,"column":15},"end":{"line":1,"column":34}},"1":{"start":{"line":3,"column":19},"end":{"line":31,"column":2}},"2":{"start":{"line":34,"column":0},"end":{"line":39,"column":3}},"3":{"start":{"line":35,"column":4},"end":{"line":37,"column":5}},"4":{"start":{"line":36,"column":8},"end":{"line":36,"column":70}},"5":{"start":{"line":38,"column":4},"end":{"line":38,"column":11}},"6":{"start":{"line":42,"column":0},"end":{"line":44,"column":2}},"7":{"start":{"line":43,"column":4},"end":{"line":43,"column":45}},"8":{"start":{"line":47,"column":0},"end":{"line":53,"column":2}},"9":{"start":{"line":48,"column":4},"end":{"line":50,"column":5}},"10":{"start":{"line":49,"column":8},"end":{"line":49,"column":41}},"11":{"start":{"line":51,"column":4},"end":{"line":51,"column":32}},"12":{"start":{"line":52,"column":4},"end":{"line":52,"column":23}},"13":{"start":{"line":56,"column":0},"end":{"line":60,"column":2}},"14":{"start":{"line":57,"column":4},"end":{"line":57,"column":50}},"15":{"start":{"line":58,"column":4},"end":{"line":58,"column":37}},"16":{"start":{"line":59,"column":4},"end":{"line":59,"column":23}},"17":{"start":{"line":62,"column":13},"end":{"line":62,"column":51}},"18":{"start":{"line":64,"column":0},"end":{"line":64,"column":24}}},"fnMap":{"0":{"name":"(anonymous_0)","decl":{"start":{"line":34,"column":25},"end":{"line":34,"column":26}},"loc":{"start":{"line":34,"column":40},"end":{"line":39,"column":1}},"line":34},"1":{"name":"(anonymous_1)","decl":{"start":{"line":42,"column":35},"end":{"line":42,"column":36}},"loc":{"start":{"line":42,"column":46},"end":{"line":44,"column":1}},"line":42},"2":{"name":"(anonymous_2)","decl":{"start":{"line":47,"column":35},"end":{"line":47,"column":36}},"loc":{"start":{"line":47,"column":54},"end":{"line":53,"column":1}},"line":47},"3":{"name":"(anonymous_3)","decl":{"start":{"line":56,"column":38},"end":{"line":56,"column":39}},"loc":{"start":{"line":56,"column":53},"end":{"line":60,"column":1}},"line":56}},"branchMap":{"0":{"loc":{"start":{"line":35,"column":4},"end":{"line":37,"column":5}},"type":"if","locations":[{"start":{"line":35,"column":4},"end":{"line":37,"column":5}},{"start":{},"end":{}}],"line":35},"1":{"loc":{"start":{"line":35,"column":8},"end":{"line":35,"column":52}},"type":"binary-expr","locations":[{"start":{"line":35,"column":8},"end":{"line":35,"column":19}},{"start":{"line":35,"column":23},"end":{"line":35,"column":52}}],"line":35},"2":{"loc":{"start":{"line":48,"column":4},"end":{"line":50,"column":5}},"type":"if","locations":[{"start":{"line":48,"column":4},"end":{"line":50,"column":5}},{"start":{},"end":{}}],"line":48},"3":{"loc":{"start":{"line":57,"column":31},"end":{"line":57,"column":49}},"type":"binary-expr","locations":[{"start":{"line":57,"column":31},"end":{"line":57,"column":35}},{"start":{"line":57,"column":39},"end":{"line":57,"column":49}}],"line":57}},"s":{"0":6,"1":6,"2":6,"3":10,"4":0,"5":10,"6":6,"7":0,"8":6,"9":0,"10":0,"11":0,"12":0,"13":6,"14":0,"15":0,"16":0,"17":6,"18":6},"f":{"0":10,"1":0,"2":0,"3":0},"b":{"0":[0,10],"1":[10,1],"2":[0,0],"3":[0,0]},"_coverageSchema":"1a1c01bbd47fc00a2c39e90264f33305004495a9","hash":"51b2c5d4e8dad2c6758c570e4cd07f7fcb5b2c52"}
,"C:\\Users\\UTILISATEUR\\port-de-plaisance\\server\\models\\reservation.js": {"path":"C:\\Users\\UTILISATEUR\\port-de-plaisance\\server\\models\\reservation.js","statementMap":{"0":{"start":{"line":1,"column":15},"end":{"line":1,"column":34}},"1":{"start":{"line":3,"column":24},"end":{"line":42,"column":2}},"2":{"start":{"line":45,"column":0},"end":{"line":50,"column":3}},"3":{"start":{"line":46,"column":4},"end":{"line":48,"column":5}},"4":{"start":{"line":47,"column":8},"end":{"line":47,"column":83}},"5":{"start":{"line":49,"column":4},"end":{"line":49,"column":11}},"6":{"start":{"line":53,"column":0},"end":{"line":77,"column":3}},"7":{"start":{"line":54,"column":22},"end":{"line":54,"column":26}},"8":{"start":{"line":56,"column":4},"end":{"line":58,"column":5}},"9":{"start":{"line":57,"column":8},"end":{"line":57,"column":22}},"10":{"start":{"line":60,"column":4},"end":{"line":76,"column":21}},"11":{"start":{"line":71,"column":12},"end":{"line":73,"column":13}},"12":{"start":{"line":72,"column":16},"end":{"line":72,"column":85}},"13":{"start":{"line":74,"column":12},"end":{"line":74,"column":19}},"14":{"start":{"line":80,"column":0},"end":{"line":91,"column":2}},"15":{"start":{"line":81,"column":4},"end":{"line":90,"column":14}},"16":{"start":{"line":94,"column":0},"end":{"line":99,"column":2}},"17":{"start":{"line":95,"column":15},"end":{"line":95,"column":81}},"18":{"start":{"line":96,"column":20},"end":{"line":96,"column":22}},"19":{"start":{"line":97,"column":4},"end":{"line":97,"column":39}},"20":{"start":{"line":98,"column":4},"end":{"line":98,"column":23}},"21":{"start":{"line":102,"column":0},"end":{"line":105,"column":2}},"22":{"start":{"line":103,"column":4},"end":{"line":103,"column":28}},"23":{"start":{"line":104,"column":4},"end":{"line":104,"column":23}},"24":{"start":{"line":107,"column":18},"end":{"line":107,"column":66}},"25":{"start":{"line":109,"column":0},"end":{"line":109,"column":29}}},"fnMap":{"0":{"name":"(anonymous_0)","decl":{"start":{"line":45,"column":34},"end":{"line":45,"column":35}},"loc":{"start":{"line":45,"column":49},"end":{"line":50,"column":1}},"line":45},"1":{"name":"(anonymous_1)","decl":{"start":{"line":53,"column":30},"end":{"line":53,"column":31}},"loc":{"start":{"line":53,"column":45},"end":{"line":77,"column":1}},"line":53},"2":{"name":"(anonymous_2)","decl":{"start":{"line":70,"column":14},"end":{"line":70,"column":15}},"loc":{"start":{"line":70,"column":44},"end":{"line":75,"column":9}},"line":70},"3":{"name":"(anonymous_3)","decl":{"start":{"line":80,"column":46},"end":{"line":80,"column":47}},"loc":{"start":{"line":80,"column":89},"end":{"line":91,"column":1}},"line":80},"4":{"name":"(anonymous_4)","decl":{"start":{"line":94,"column":43},"end":{"line":94,"column":44}},"loc":{"start":{"line":94,"column":54},"end":{"line":99,"column":1}},"line":94},"5":{"name":"(anonymous_5)","decl":{"start":{"line":102,"column":35},"end":{"line":102,"column":36}},"loc":{"start":{"line":102,"column":46},"end":{"line":105,"column":1}},"line":102}},"branchMap":{"0":{"loc":{"start":{"line":46,"column":4},"end":{"line":48,"column":5}},"type":"if","locations":[{"start":{"line":46,"column":4},"end":{"line":48,"column":5}},{"start":{},"end":{}}],"line":46},"1":{"loc":{"start":{"line":46,"column":8},"end":{"line":46,"column":72}},"type":"binary-expr","locations":[{"start":{"line":46,"column":8},"end":{"line":46,"column":22}},{"start":{"line":46,"column":26},"end":{"line":46,"column":38}},{"start":{"line":46,"column":42},"end":{"line":46,"column":72}}],"line":46},"2":{"loc":{"start":{"line":56,"column":4},"end":{"line":58,"column":5}},"type":"if","locations":[{"start":{"line":56,"column":4},"end":{"line":58,"column":5}},{"start":{},"end":{}}],"line":56},"3":{"loc":{"start":{"line":56,"column":8},"end":{"line":56,"column":104}},"type":"binary-expr","locations":[{"start":{"line":56,"column":8},"end":{"line":56,"column":26}},{"start":{"line":56,"column":30},"end":{"line":56,"column":66}},{"start":{"line":56,"column":70},"end":{"line":56,"column":104}}],"line":56},"4":{"loc":{"start":{"line":71,"column":12},"end":{"line":73,"column":13}},"type":"if","locations":[{"start":{"line":71,"column":12},"end":{"line":73,"column":13}},{"start":{},"end":{}}],"line":71}},"s":{"0":5,"1":5,"2":5,"3":5,"4":1,"5":5,"6":5,"7":1,"8":1,"9":0,"10":1,"11":1,"12":0,"13":1,"14":5,"15":1,"16":5,"17":0,"18":0,"19":0,"20":0,"21":5,"22":0,"23":0,"24":5,"25":5},"f":{"0":5,"1":1,"2":1,"3":1,"4":0,"5":0},"b":{"0":[1,4],"1":[5,5,5],"2":[0,1],"3":[1,0,0],"4":[0,1]},"_coverageSchema":"1a1c01bbd47fc00a2c39e90264f33305004495a9","hash":"6d86143feb4ee44abf13dcb4a194910b6d67985d"}
,"C:\\Users\\UTILISATEUR\\port-de-plaisance\\server\\models\\user.js": {"path":"C:\\Users\\UTILISATEUR\\port-de-plaisance\\server\\models\\user.js","statementMap":{"0":{"start":{"line":1,"column":15},"end":{"line":1,"column":34}},"1":{"start":{"line":2,"column":13},"end":{"line":2,"column":30}},"2":{"start":{"line":4,"column":17},"end":{"line":48,"column":2}},"3":{"start":{"line":19,"column":16},"end":{"line":19,"column":102}},"4":{"start":{"line":51,"column":0},"end":{"line":68,"column":3}},"5":{"start":{"line":52,"column":15},"end":{"line":52,"column":19}},"6":{"start":{"line":53,"column":4},"end":{"line":55,"column":5}},"7":{"start":{"line":54,"column":8},"end":{"line":54,"column":22}},"8":{"start":{"line":57,"column":4},"end":{"line":67,"column":11}},"9":{"start":{"line":59,"column":12},"end":{"line":59,"column":52}},"10":{"start":{"line":62,"column":12},"end":{"line":62,"column":33}},"11":{"start":{"line":63,"column":12},"end":{"line":63,"column":19}},"12":{"start":{"line":66,"column":12},"end":{"line":66,"column":22}},"13":{"start":{"line":71,"column":0},"end":{"line":73,"column":2}},"14":{"start":{"line":72,"column":4},"end":{"line":72,"column":60}},"15":{"start":{"line":76,"column":0},"end":{"line":80,"column":2}},"16":{"start":{"line":77,"column":14},"end":{"line":77,"column":29}},"17":{"start":{"line":78,"column":4},"end":{"line":78,"column":24}},"18":{"start":{"line":79,"column":4},"end":{"line":79,"column":15}},"19":{"start":{"line":82,"column":11},"end":{"line":82,"column":45}},"20":{"start":{"line":84,"column":0},"end":{"line":84,"column":22}}},"fnMap":{"0":{"name":"(anonymous_0)","decl":{"start":{"line":18,"column":23},"end":{"line":18,"column":24}},"loc":{"start":{"line":18,"column":35},"end":{"line":20,"column":13}},"line":18},"1":{"name":"(anonymous_1)","decl":{"start":{"line":51,"column":23},"end":{"line":51,"column":24}},"loc":{"start":{"line":51,"column":38},"end":{"line":68,"column":1}},"line":51},"2":{"name":"(anonymous_2)","decl":{"start":{"line":58,"column":14},"end":{"line":58,"column":15}},"loc":{"start":{"line":58,"column":29},"end":{"line":60,"column":9}},"line":58},"3":{"name":"(anonymous_3)","decl":{"start":{"line":61,"column":14},"end":{"line":61,"column":15}},"loc":{"start":{"line":61,"column":29},"end":{"line":64,"column":9}},"line":61},"4":{"name":"(anonymous_4)","decl":{"start":{"line":65,"column":15},"end":{"line":65,"column":16}},"loc":{"start":{"line":65,"column":29},"end":{"line":67,"column":9}},"line":65},"5":{"name":"(anonymous_5)","decl":{"start":{"line":71,"column":37},"end":{"line":71,"column":38}},"loc":{"start":{"line":71,"column":65},"end":{"line":73,"column":1}},"line":71},"6":{"name":"(anonymous_6)","decl":{"start":{"line":76,"column":30},"end":{"line":76,"column":31}},"loc":{"start":{"line":76,"column":41},"end":{"line":80,"column":1}},"line":76}},"branchMap":{"0":{"loc":{"start":{"line":53,"column":4},"end":{"line":55,"column":5}},"type":"if","locations":[{"start":{"line":53,"column":4},"end":{"line":55,"column":5}},{"start":{},"end":{}}],"line":53}},"s":{"0":5,"1":5,"2":5,"3":8,"4":5,"5":2,"6":2,"7":0,"8":2,"9":2,"10":2,"11":2,"12":0,"13":5,"14":0,"15":5,"16":0,"17":0,"18":0,"19":5,"20":5},"f":{"0":8,"1":2,"2":2,"3":2,"4":0,"5":0,"6":0},"b":{"0":[0,2]},"_coverageSchema":"1a1c01bbd47fc00a2c39e90264f33305004495a9","hash":"9790dd32235b336f5c0f247117a8336ff03c104c"}
,"C:\\Users\\UTILISATEUR\\port-de-plaisance\\server\\routes\\authRoutes.js": {"path":"C:\\Users\\UTILISATEUR\\port-de-plaisance\\server\\routes\\authRoutes.js","statementMap":{"0":{"start":{"line":1,"column":14},"end":{"line":1,"column":32}},"1":{"start":{"line":2,"column":13},"end":{"line":2,"column":29}},"2":{"start":{"line":3,"column":13},"end":{"line":3,"column":30}},"3":{"start":{"line":4,"column":10},"end":{"line":4,"column":33}},"4":{"start":{"line":5,"column":11},"end":{"line":5,"column":36}},"5":{"start":{"line":6,"column":11},"end":{"line":6,"column":40}},"6":{"start":{"line":67,"column":0},"end":{"line":98,"column":3}},"7":{"start":{"line":68,"column":16},"end":{"line":68,"column":30}},"8":{"start":{"line":69,"column":19},"end":{"line":69,"column":36}},"9":{"start":{"line":71,"column":4},"end":{"line":97,"column":11}},"10":{"start":{"line":73,"column":12},"end":{"line":75,"column":13}},"11":{"start":{"line":74,"column":16},"end":{"line":74,"column":92}},"12":{"start":{"line":76,"column":12},"end":{"line":93,"column":19}},"13":{"start":{"line":78,"column":20},"end":{"line":80,"column":21}},"14":{"start":{"line":79,"column":24},"end":{"line":79,"column":100}},"15":{"start":{"line":81,"column":32},"end":{"line":85,"column":21}},"16":{"start":{"line":86,"column":39},"end":{"line":86,"column":54}},"17":{"start":{"line":87,"column":20},"end":{"line":87,"column":49}},"18":{"start":{"line":88,"column":20},"end":{"line":92,"column":23}},"19":{"start":{"line":96,"column":12},"end":{"line":96,"column":61}},"20":{"start":{"line":122,"column":0},"end":{"line":122,"column":46}},"21":{"start":{"line":131,"column":0},"end":{"line":140,"column":3}},"22":{"start":{"line":132,"column":4},"end":{"line":139,"column":11}},"23":{"start":{"line":135,"column":12},"end":{"line":135,"column":27}},"24":{"start":{"line":138,"column":12},"end":{"line":138,"column":61}},"25":{"start":{"line":149,"column":0},"end":{"line":187,"column":3}},"26":{"start":{"line":150,"column":26},"end":{"line":150,"column":50}},"27":{"start":{"line":151,"column":22},"end":{"line":151,"column":42}},"28":{"start":{"line":154,"column":4},"end":{"line":186,"column":11}},"29":{"start":{"line":156,"column":12},"end":{"line":156,"column":29}},"30":{"start":{"line":157,"column":12},"end":{"line":157,"column":66}},"31":{"start":{"line":160,"column":12},"end":{"line":162,"column":13}},"32":{"start":{"line":161,"column":16},"end":{"line":161,"column":90}},"33":{"start":{"line":165,"column":32},"end":{"line":165,"column":76}},"34":{"start":{"line":166,"column":12},"end":{"line":170,"column":13}},"35":{"start":{"line":167,"column":16},"end":{"line":169,"column":19}},"36":{"start":{"line":172,"column":12},"end":{"line":172,"column":38}},"37":{"start":{"line":175,"column":12},"end":{"line":175,"column":50}},"38":{"start":{"line":178,"column":12},"end":{"line":178,"column":43}},"39":{"start":{"line":179,"column":12},"end":{"line":179,"column":31}},"40":{"start":{"line":182,"column":12},"end":{"line":182,"column":70}},"41":{"start":{"line":185,"column":12},"end":{"line":185,"column":61}},"42":{"start":{"line":189,"column":0},"end":{"line":189,"column":24}}},"fnMap":{"0":{"name":"(anonymous_0)","decl":{"start":{"line":67,"column":22},"end":{"line":67,"column":23}},"loc":{"start":{"line":67,"column":41},"end":{"line":98,"column":1}},"line":67},"1":{"name":"(anonymous_1)","decl":{"start":{"line":72,"column":14},"end":{"line":72,"column":15}},"loc":{"start":{"line":72,"column":29},"end":{"line":94,"column":9}},"line":72},"2":{"name":"(anonymous_2)","decl":{"start":{"line":77,"column":22},"end":{"line":77,"column":23}},"loc":{"start":{"line":77,"column":40},"end":{"line":93,"column":17}},"line":77},"3":{"name":"(anonymous_3)","decl":{"start":{"line":95,"column":15},"end":{"line":95,"column":16}},"loc":{"start":{"line":95,"column":31},"end":{"line":97,"column":9}},"line":95},"4":{"name":"(anonymous_4)","decl":{"start":{"line":131,"column":29},"end":{"line":131,"column":30}},"loc":{"start":{"line":131,"column":48},"end":{"line":140,"column":1}},"line":131},"5":{"name":"(anonymous_5)","decl":{"start":{"line":134,"column":14},"end":{"line":134,"column":15}},"loc":{"start":{"line":134,"column":29},"end":{"line":136,"column":9}},"line":134},"6":{"name":"(anonymous_6)","decl":{"start":{"line":137,"column":15},"end":{"line":137,"column":16}},"loc":{"start":{"line":137,"column":31},"end":{"line":139,"column":9}},"line":137},"7":{"name":"(anonymous_7)","decl":{"start":{"line":149,"column":43},"end":{"line":149,"column":44}},"loc":{"start":{"line":149,"column":62},"end":{"line":187,"column":1}},"line":149},"8":{"name":"(anonymous_8)","decl":{"start":{"line":155,"column":14},"end":{"line":155,"column":15}},"loc":{"start":{"line":155,"column":34},"end":{"line":158,"column":9}},"line":155},"9":{"name":"(anonymous_9)","decl":{"start":{"line":159,"column":14},"end":{"line":159,"column":15}},"loc":{"start":{"line":159,"column":32},"end":{"line":173,"column":9}},"line":159},"10":{"name":"(anonymous_10)","decl":{"start":{"line":174,"column":14},"end":{"line":174,"column":15}},"loc":{"start":{"line":174,"column":29},"end":{"line":176,"column":9}},"line":174},"11":{"name":"(anonymous_11)","decl":{"start":{"line":177,"column":14},"end":{"line":177,"column":15}},"loc":{"start":{"line":177,"column":39},"end":{"line":180,"column":9}},"line":177},"12":{"name":"(anonymous_12)","decl":{"start":{"line":181,"column":14},"end":{"line":181,"column":15}},"loc":{"start":{"line":181,"column":25},"end":{"line":183,"column":9}},"line":181},"13":{"name":"(anonymous_13)","decl":{"start":{"line":184,"column":15},"end":{"line":184,"column":16}},"loc":{"start":{"line":184,"column":31},"end":{"line":186,"column":9}},"line":184}},"branchMap":{"0":{"loc":{"start":{"line":73,"column":12},"end":{"line":75,"column":13}},"type":"if","locations":[{"start":{"line":73,"column":12},"end":{"line":75,"column":13}},{"start":{},"end":{}}],"line":73},"1":{"loc":{"start":{"line":78,"column":20},"end":{"line":80,"column":21}},"type":"if","locations":[{"start":{"line":78,"column":20},"end":{"line":80,"column":21}},{"start":{},"end":{}}],"line":78},"2":{"loc":{"start":{"line":160,"column":12},"end":{"line":162,"column":13}},"type":"if","locations":[{"start":{"line":160,"column":12},"end":{"line":162,"column":13}},{"start":{},"end":{}}],"line":160},"3":{"loc":{"start":{"line":166,"column":12},"end":{"line":170,"column":13}},"type":"if","locations":[{"start":{"line":166,"column":12},"end":{"line":170,"column":13}},{"start":{},"end":{}}],"line":166}},"s":{"0":3,"1":3,"2":3,"3":3,"4":3,"5":3,"6":3,"7":0,"8":0,"9":0,"10":0,"11":0,"12":0,"13":0,"14":0,"15":0,"16":0,"17":0,"18":0,"19":0,"20":3,"21":3,"22":0,"23":0,"24":0,"25":3,"26":0,"27":0,"28":0,"29":0,"30":0,"31":0,"32":0,"33":0,"34":0,"35":0,"36":0,"37":0,"38":0,"39":0,"40":0,"41":0,"42":3},"f":{"0":0,"1":0,"2":0,"3":0,"4":0,"5":0,"6":0,"7":0,"8":0,"9":0,"10":0,"11":0,"12":0,"13":0},"b":{"0":[0,0],"1":[0,0],"2":[0,0],"3":[0,0]},"_coverageSchema":"1a1c01bbd47fc00a2c39e90264f33305004495a9","hash":"e15d5a0eae8b4cb5d797d55e2d04577eba8c9ad0"}
,"C:\\Users\\UTILISATEUR\\port-de-plaisance\\server\\routes\\catwayRoutes.js": {"path":"C:\\Users\\UTILISATEUR\\port-de-plaisance\\server\\routes\\catwayRoutes.js","statementMap":{"0":{"start":{"line":1,"column":14},"end":{"line":1,"column":32}},"1":{"start":{"line":2,"column":13},"end":{"line":2,"column":29}},"2":{"start":{"line":3,"column":13},"end":{"line":3,"column":40}},"3":{"start":{"line":4,"column":11},"end":{"line":4,"column":40}},"4":{"start":{"line":5,"column":14},"end":{"line":5,"column":46}},"5":{"start":{"line":6,"column":18},"end":{"line":6,"column":50}},"6":{"start":{"line":7,"column":24},"end":{"line":7,"column":66}},"7":{"start":{"line":68,"column":0},"end":{"line":80,"column":3}},"8":{"start":{"line":69,"column":4},"end":{"line":79,"column":7}},"9":{"start":{"line":70,"column":20},"end":{"line":70,"column":22}},"10":{"start":{"line":71,"column":8},"end":{"line":71,"column":62}},"11":{"start":{"line":71,"column":28},"end":{"line":71,"column":62}},"12":{"start":{"line":72,"column":8},"end":{"line":72,"column":65}},"13":{"start":{"line":72,"column":29},"end":{"line":72,"column":65}},"14":{"start":{"line":74,"column":8},"end":{"line":78,"column":25}},"15":{"start":{"line":76,"column":16},"end":{"line":76,"column":34}},"16":{"start":{"line":104,"column":0},"end":{"line":115,"column":3}},"17":{"start":{"line":105,"column":4},"end":{"line":114,"column":7}},"18":{"start":{"line":106,"column":8},"end":{"line":113,"column":25}},"19":{"start":{"line":108,"column":16},"end":{"line":110,"column":17}},"20":{"start":{"line":109,"column":20},"end":{"line":109,"column":82}},"21":{"start":{"line":111,"column":16},"end":{"line":111,"column":33}},"22":{"start":{"line":132,"column":0},"end":{"line":143,"column":3}},"23":{"start":{"line":133,"column":4},"end":{"line":142,"column":7}},"24":{"start":{"line":134,"column":8},"end":{"line":141,"column":11}},"25":{"start":{"line":135,"column":25},"end":{"line":135,"column":45}},"26":{"start":{"line":136,"column":12},"end":{"line":140,"column":29}},"27":{"start":{"line":138,"column":20},"end":{"line":138,"column":48}},"28":{"start":{"line":166,"column":0},"end":{"line":183,"column":3}},"29":{"start":{"line":167,"column":4},"end":{"line":182,"column":7}},"30":{"start":{"line":168,"column":8},"end":{"line":181,"column":11}},"31":{"start":{"line":169,"column":12},"end":{"line":180,"column":29}},"32":{"start":{"line":171,"column":20},"end":{"line":173,"column":21}},"33":{"start":{"line":172,"column":24},"end":{"line":172,"column":86}},"34":{"start":{"line":174,"column":20},"end":{"line":174,"column":52}},"35":{"start":{"line":175,"column":20},"end":{"line":175,"column":41}},"36":{"start":{"line":178,"column":20},"end":{"line":178,"column":51}},"37":{"start":{"line":178,"column":33},"end":{"line":178,"column":51}},"38":{"start":{"line":200,"column":0},"end":{"line":222,"column":3}},"39":{"start":{"line":201,"column":4},"end":{"line":221,"column":7}},"40":{"start":{"line":202,"column":8},"end":{"line":220,"column":11}},"41":{"start":{"line":204,"column":12},"end":{"line":219,"column":29}},"42":{"start":{"line":206,"column":20},"end":{"line":210,"column":21}},"43":{"start":{"line":207,"column":24},"end":{"line":209,"column":27}},"44":{"start":{"line":211,"column":20},"end":{"line":211,"column":84}},"45":{"start":{"line":214,"column":20},"end":{"line":216,"column":21}},"46":{"start":{"line":215,"column":24},"end":{"line":215,"column":86}},"47":{"start":{"line":217,"column":20},"end":{"line":217,"column":61}},"48":{"start":{"line":249,"column":0},"end":{"line":264,"column":3}},"49":{"start":{"line":250,"column":4},"end":{"line":263,"column":7}},"50":{"start":{"line":251,"column":8},"end":{"line":262,"column":25}},"51":{"start":{"line":253,"column":16},"end":{"line":255,"column":17}},"52":{"start":{"line":254,"column":20},"end":{"line":254,"column":82}},"53":{"start":{"line":256,"column":16},"end":{"line":257,"column":40}},"54":{"start":{"line":260,"column":16},"end":{"line":260,"column":39}},"55":{"start":{"line":297,"column":0},"end":{"line":311,"column":3}},"56":{"start":{"line":298,"column":4},"end":{"line":310,"column":7}},"57":{"start":{"line":299,"column":8},"end":{"line":309,"column":25}},"58":{"start":{"line":304,"column":16},"end":{"line":306,"column":17}},"59":{"start":{"line":305,"column":20},"end":{"line":305,"column":88}},"60":{"start":{"line":307,"column":16},"end":{"line":307,"column":38}},"61":{"start":{"line":366,"column":0},"end":{"line":377,"column":3}},"62":{"start":{"line":367,"column":4},"end":{"line":376,"column":7}},"63":{"start":{"line":368,"column":26},"end":{"line":368,"column":51}},"64":{"start":{"line":369,"column":8},"end":{"line":369,"column":59}},"65":{"start":{"line":371,"column":8},"end":{"line":375,"column":25}},"66":{"start":{"line":373,"column":16},"end":{"line":373,"column":53}},"67":{"start":{"line":433,"column":0},"end":{"line":451,"column":3}},"68":{"start":{"line":434,"column":4},"end":{"line":450,"column":7}},"69":{"start":{"line":435,"column":8},"end":{"line":449,"column":25}},"70":{"start":{"line":444,"column":16},"end":{"line":446,"column":17}},"71":{"start":{"line":445,"column":20},"end":{"line":445,"column":88}},"72":{"start":{"line":447,"column":16},"end":{"line":447,"column":38}},"73":{"start":{"line":488,"column":0},"end":{"line":502,"column":3}},"74":{"start":{"line":489,"column":4},"end":{"line":501,"column":7}},"75":{"start":{"line":490,"column":8},"end":{"line":500,"column":25}},"76":{"start":{"line":495,"column":16},"end":{"line":497,"column":17}},"77":{"start":{"line":496,"column":20},"end":{"line":496,"column":88}},"78":{"start":{"line":498,"column":16},"end":{"line":498,"column":75}},"79":{"start":{"line":504,"column":0},"end":{"line":504,"column":24}}},"fnMap":{"0":{"name":"(anonymous_0)","decl":{"start":{"line":68,"column":16},"end":{"line":68,"column":17}},"loc":{"start":{"line":68,"column":41},"end":{"line":80,"column":1}},"line":68},"1":{"name":"(anonymous_1)","decl":{"start":{"line":69,"column":19},"end":{"line":69,"column":20}},"loc":{"start":{"line":69,"column":30},"end":{"line":79,"column":5}},"line":69},"2":{"name":"(anonymous_2)","decl":{"start":{"line":75,"column":18},"end":{"line":75,"column":19}},"loc":{"start":{"line":75,"column":36},"end":{"line":77,"column":13}},"line":75},"3":{"name":"(anonymous_3)","decl":{"start":{"line":104,"column":19},"end":{"line":104,"column":20}},"loc":{"start":{"line":104,"column":44},"end":{"line":115,"column":1}},"line":104},"4":{"name":"(anonymous_4)","decl":{"start":{"line":105,"column":19},"end":{"line":105,"column":20}},"loc":{"start":{"line":105,"column":30},"end":{"line":114,"column":5}},"line":105},"5":{"name":"(anonymous_5)","decl":{"start":{"line":107,"column":18},"end":{"line":107,"column":19}},"loc":{"start":{"line":107,"column":35},"end":{"line":112,"column":13}},"line":107},"6":{"name":"(anonymous_6)","decl":{"start":{"line":132,"column":17},"end":{"line":132,"column":18}},"loc":{"start":{"line":132,"column":42},"end":{"line":143,"column":1}},"line":132},"7":{"name":"(anonymous_7)","decl":{"start":{"line":133,"column":19},"end":{"line":133,"column":20}},"loc":{"start":{"line":133,"column":30},"end":{"line":142,"column":5}},"line":133},"8":{"name":"(anonymous_8)","decl":{"start":{"line":134,"column":26},"end":{"line":134,"column":27}},"loc":{"start":{"line":134,"column":37},"end":{"line":141,"column":9}},"line":134},"9":{"name":"(anonymous_9)","decl":{"start":{"line":137,"column":22},"end":{"line":137,"column":23}},"loc":{"start":{"line":137,"column":38},"end":{"line":139,"column":17}},"line":137},"10":{"name":"(anonymous_10)","decl":{"start":{"line":166,"column":19},"end":{"line":166,"column":20}},"loc":{"start":{"line":166,"column":44},"end":{"line":183,"column":1}},"line":166},"11":{"name":"(anonymous_11)","decl":{"start":{"line":167,"column":19},"end":{"line":167,"column":20}},"loc":{"start":{"line":167,"column":30},"end":{"line":182,"column":5}},"line":167},"12":{"name":"(anonymous_12)","decl":{"start":{"line":168,"column":26},"end":{"line":168,"column":27}},"loc":{"start":{"line":168,"column":37},"end":{"line":181,"column":9}},"line":168},"13":{"name":"(anonymous_13)","decl":{"start":{"line":170,"column":22},"end":{"line":170,"column":23}},"loc":{"start":{"line":170,"column":39},"end":{"line":176,"column":17}},"line":170},"14":{"name":"(anonymous_14)","decl":{"start":{"line":177,"column":22},"end":{"line":177,"column":23}},"loc":{"start":{"line":177,"column":40},"end":{"line":179,"column":17}},"line":177},"15":{"name":"(anonymous_15)","decl":{"start":{"line":200,"column":22},"end":{"line":200,"column":23}},"loc":{"start":{"line":200,"column":47},"end":{"line":222,"column":1}},"line":200},"16":{"name":"(anonymous_16)","decl":{"start":{"line":201,"column":19},"end":{"line":201,"column":20}},"loc":{"start":{"line":201,"column":30},"end":{"line":221,"column":5}},"line":201},"17":{"name":"(anonymous_17)","decl":{"start":{"line":202,"column":26},"end":{"line":202,"column":27}},"loc":{"start":{"line":202,"column":37},"end":{"line":220,"column":9}},"line":202},"18":{"name":"(anonymous_18)","decl":{"start":{"line":205,"column":22},"end":{"line":205,"column":23}},"loc":{"start":{"line":205,"column":44},"end":{"line":212,"column":17}},"line":205},"19":{"name":"(anonymous_19)","decl":{"start":{"line":213,"column":22},"end":{"line":213,"column":23}},"loc":{"start":{"line":213,"column":39},"end":{"line":218,"column":17}},"line":213},"20":{"name":"(anonymous_20)","decl":{"start":{"line":249,"column":42},"end":{"line":249,"column":43}},"loc":{"start":{"line":249,"column":67},"end":{"line":264,"column":1}},"line":249},"21":{"name":"(anonymous_21)","decl":{"start":{"line":250,"column":19},"end":{"line":250,"column":20}},"loc":{"start":{"line":250,"column":30},"end":{"line":263,"column":5}},"line":250},"22":{"name":"(anonymous_22)","decl":{"start":{"line":252,"column":18},"end":{"line":252,"column":19}},"loc":{"start":{"line":252,"column":35},"end":{"line":258,"column":13}},"line":252},"23":{"name":"(anonymous_23)","decl":{"start":{"line":259,"column":18},"end":{"line":259,"column":19}},"loc":{"start":{"line":259,"column":41},"end":{"line":261,"column":13}},"line":259},"24":{"name":"(anonymous_24)","decl":{"start":{"line":297,"column":57},"end":{"line":297,"column":58}},"loc":{"start":{"line":297,"column":82},"end":{"line":311,"column":1}},"line":297},"25":{"name":"(anonymous_25)","decl":{"start":{"line":298,"column":19},"end":{"line":298,"column":20}},"loc":{"start":{"line":298,"column":30},"end":{"line":310,"column":5}},"line":298},"26":{"name":"(anonymous_26)","decl":{"start":{"line":303,"column":18},"end":{"line":303,"column":19}},"loc":{"start":{"line":303,"column":40},"end":{"line":308,"column":13}},"line":303},"27":{"name":"(anonymous_27)","decl":{"start":{"line":366,"column":43},"end":{"line":366,"column":44}},"loc":{"start":{"line":366,"column":68},"end":{"line":377,"column":1}},"line":366},"28":{"name":"(anonymous_28)","decl":{"start":{"line":367,"column":19},"end":{"line":367,"column":20}},"loc":{"start":{"line":367,"column":30},"end":{"line":376,"column":5}},"line":367},"29":{"name":"(anonymous_29)","decl":{"start":{"line":372,"column":18},"end":{"line":372,"column":19}},"loc":{"start":{"line":372,"column":43},"end":{"line":374,"column":13}},"line":372},"30":{"name":"(anonymous_30)","decl":{"start":{"line":433,"column":57},"end":{"line":433,"column":58}},"loc":{"start":{"line":433,"column":82},"end":{"line":451,"column":1}},"line":433},"31":{"name":"(anonymous_31)","decl":{"start":{"line":434,"column":19},"end":{"line":434,"column":20}},"loc":{"start":{"line":434,"column":30},"end":{"line":450,"column":5}},"line":434},"32":{"name":"(anonymous_32)","decl":{"start":{"line":443,"column":18},"end":{"line":443,"column":19}},"loc":{"start":{"line":443,"column":40},"end":{"line":448,"column":13}},"line":443},"33":{"name":"(anonymous_33)","decl":{"start":{"line":488,"column":60},"end":{"line":488,"column":61}},"loc":{"start":{"line":488,"column":85},"end":{"line":502,"column":1}},"line":488},"34":{"name":"(anonymous_34)","decl":{"start":{"line":489,"column":19},"end":{"line":489,"column":20}},"loc":{"start":{"line":489,"column":30},"end":{"line":501,"column":5}},"line":489},"35":{"name":"(anonymous_35)","decl":{"start":{"line":494,"column":18},"end":{"line":494,"column":19}},"loc":{"start":{"line":494,"column":40},"end":{"line":499,"column":13}},"line":494}},"branchMap":{"0":{"loc":{"start":{"line":71,"column":8},"end":{"line":71,"column":62}},"type":"if","locations":[{"start":{"line":71,"column":8},"end":{"line":71,"column":62}},{"start":{},"end":{}}],"line":71},"1":{"loc":{"start":{"line":72,"column":8},"end":{"line":72,"column":65}},"type":"if","locations":[{"start":{"line":72,"column":8},"end":{"line":72,"column":65}},{"start":{},"end":{}}],"line":72},"2":{"loc":{"start":{"line":108,"column":16},"end":{"line":110,"column":17}},"type":"if","locations":[{"start":{"line":108,"column":16},"end":{"line":110,"column":17}},{"start":{},"end":{}}],"line":108},"3":{"loc":{"start":{"line":171,"column":20},"end":{"line":173,"column":21}},"type":"if","locations":[{"start":{"line":171,"column":20},"end":{"line":173,"column":21}},{"start":{},"end":{}}],"line":171},"4":{"loc":{"start":{"line":178,"column":20},"end":{"line":178,"column":51}},"type":"if","locations":[{"start":{"line":178,"column":20},"end":{"line":178,"column":51}},{"start":{},"end":{}}],"line":178},"5":{"loc":{"start":{"line":206,"column":20},"end":{"line":210,"column":21}},"type":"if","locations":[{"start":{"line":206,"column":20},"end":{"line":210,"column":21}},{"start":{},"end":{}}],"line":206},"6":{"loc":{"start":{"line":214,"column":20},"end":{"line":216,"column":21}},"type":"if","locations":[{"start":{"line":214,"column":20},"end":{"line":216,"column":21}},{"start":{},"end":{}}],"line":214},"7":{"loc":{"start":{"line":253,"column":16},"end":{"line":255,"column":17}},"type":"if","locations":[{"start":{"line":253,"column":16},"end":{"line":255,"column":17}},{"start":{},"end":{}}],"line":253},"8":{"loc":{"start":{"line":304,"column":16},"end":{"line":306,"column":17}},"type":"if","locations":[{"start":{"line":304,"column":16},"end":{"line":306,"column":17}},{"start":{},"end":{}}],"line":304},"9":{"loc":{"start":{"line":444,"column":16},"end":{"line":446,"column":17}},"type":"if","locations":[{"start":{"line":444,"column":16},"end":{"line":446,"column":17}},{"start":{},"end":{}}],"line":444},"10":{"loc":{"start":{"line":495,"column":16},"end":{"line":497,"column":17}},"type":"if","locations":[{"start":{"line":495,"column":16},"end":{"line":497,"column":17}},{"start":{},"end":{}}],"line":495}},"s":{"0":3,"1":3,"2":3,"3":3,"4":3,"5":3,"6":3,"7":3,"8":0,"9":0,"10":0,"11":0,"12":0,"13":0,"14":0,"15":0,"16":3,"17":0,"18":0,"19":0,"20":0,"21":0,"22":3,"23":0,"24":0,"25":0,"26":0,"27":0,"28":3,"29":0,"30":0,"31":0,"32":0,"33":0,"34":0,"35":0,"36":0,"37":0,"38":3,"39":0,"40":0,"41":0,"42":0,"43":0,"44":0,"45":0,"46":0,"47":0,"48":3,"49":0,"50":0,"51":0,"52":0,"53":0,"54":0,"55":3,"56":0,"57":0,"58":0,"59":0,"60":0,"61":3,"62":0,"63":0,"64":0,"65":0,"66":0,"67":3,"68":0,"69":0,"70":0,"71":0,"72":0,"73":3,"74":0,"75":0,"76":0,"77":0,"78":0,"79":3},"f":{"0":0,"1":0,"2":0,"3":0,"4":0,"5":0,"6":0,"7":0,"8":0,"9":0,"10":0,"11":0,"12":0,"13":0,"14":0,"15":0,"16":0,"17":0,"18":0,"19":0,"20":0,"21":0,"22":0,"23":0,"24":0,"25":0,"26":0,"27":0,"28":0,"29":0,"30":0,"31":0,"32":0,"33":0,"34":0,"35":0},"b":{"0":[0,0],"1":[0,0],"2":[0,0],"3":[0,0],"4":[0,0],"5":[0,0],"6":[0,0],"7":[0,0],"8":[0,0],"9":[0,0],"10":[0,0]},"_coverageSchema":"1a1c01bbd47fc00a2c39e90264f33305004495a9","hash":"da0f136d95cffb552c62e3f1235878944339fcad"}
,"C:\\Users\\UTILISATEUR\\port-de-plaisance\\server\\routes\\frontend.js": {"path":"C:\\Users\\UTILISATEUR\\port-de-plaisance\\server\\routes\\frontend.js","statementMap":{"0":{"start":{"line":1,"column":14},"end":{"line":1,"column":32}},"1":{"start":{"line":2,"column":13},"end":{"line":2,"column":29}},"2":{"start":{"line":3,"column":11},"end":{"line":3,"column":40}},"3":{"start":{"line":4,"column":14},"end":{"line":4,"column":46}},"4":{"start":{"line":5,"column":11},"end":{"line":5,"column":36}},"5":{"start":{"line":6,"column":13},"end":{"line":6,"column":40}},"6":{"start":{"line":7,"column":18},"end":{"line":7,"column":50}},"7":{"start":{"line":8,"column":10},"end":{"line":8,"column":33}},"8":{"start":{"line":24,"column":0},"end":{"line":29,"column":3}},"9":{"start":{"line":25,"column":4},"end":{"line":28,"column":7}},"10":{"start":{"line":46,"column":0},"end":{"line":64,"column":3}},"11":{"start":{"line":47,"column":4},"end":{"line":63,"column":7}},"12":{"start":{"line":48,"column":8},"end":{"line":62,"column":25}},"13":{"start":{"line":50,"column":16},"end":{"line":52,"column":17}},"14":{"start":{"line":51,"column":20},"end":{"line":51,"column":82}},"15":{"start":{"line":53,"column":16},"end":{"line":60,"column":23}},"16":{"start":{"line":56,"column":24},"end":{"line":59,"column":27}},"17":{"start":{"line":81,"column":0},"end":{"line":95,"column":3}},"18":{"start":{"line":82,"column":4},"end":{"line":94,"column":7}},"19":{"start":{"line":83,"column":8},"end":{"line":93,"column":11}},"20":{"start":{"line":84,"column":12},"end":{"line":92,"column":29}},"21":{"start":{"line":87,"column":20},"end":{"line":89,"column":21}},"22":{"start":{"line":88,"column":24},"end":{"line":88,"column":91}},"23":{"start":{"line":90,"column":20},"end":{"line":90,"column":35}},"24":{"start":{"line":118,"column":0},"end":{"line":144,"column":3}},"25":{"start":{"line":119,"column":16},"end":{"line":119,"column":30}},"26":{"start":{"line":120,"column":19},"end":{"line":120,"column":36}},"27":{"start":{"line":122,"column":4},"end":{"line":143,"column":21}},"28":{"start":{"line":124,"column":12},"end":{"line":126,"column":13}},"29":{"start":{"line":125,"column":16},"end":{"line":125,"column":92}},"30":{"start":{"line":128,"column":12},"end":{"line":141,"column":19}},"31":{"start":{"line":130,"column":20},"end":{"line":132,"column":21}},"32":{"start":{"line":131,"column":24},"end":{"line":131,"column":100}},"33":{"start":{"line":134,"column":32},"end":{"line":138,"column":21}},"34":{"start":{"line":140,"column":20},"end":{"line":140,"column":47}},"35":{"start":{"line":146,"column":0},"end":{"line":146,"column":24}}},"fnMap":{"0":{"name":"(anonymous_0)","decl":{"start":{"line":24,"column":16},"end":{"line":24,"column":17}},"loc":{"start":{"line":24,"column":35},"end":{"line":29,"column":1}},"line":24},"1":{"name":"(anonymous_1)","decl":{"start":{"line":46,"column":37},"end":{"line":46,"column":38}},"loc":{"start":{"line":46,"column":62},"end":{"line":64,"column":1}},"line":46},"2":{"name":"(anonymous_2)","decl":{"start":{"line":47,"column":19},"end":{"line":47,"column":20}},"loc":{"start":{"line":47,"column":30},"end":{"line":63,"column":5}},"line":47},"3":{"name":"(anonymous_3)","decl":{"start":{"line":49,"column":18},"end":{"line":49,"column":19}},"loc":{"start":{"line":49,"column":35},"end":{"line":61,"column":13}},"line":49},"4":{"name":"(anonymous_4)","decl":{"start":{"line":55,"column":26},"end":{"line":55,"column":27}},"loc":{"start":{"line":55,"column":49},"end":{"line":60,"column":21}},"line":55},"5":{"name":"(anonymous_5)","decl":{"start":{"line":81,"column":35},"end":{"line":81,"column":36}},"loc":{"start":{"line":81,"column":60},"end":{"line":95,"column":1}},"line":81},"6":{"name":"(anonymous_6)","decl":{"start":{"line":82,"column":19},"end":{"line":82,"column":20}},"loc":{"start":{"line":82,"column":30},"end":{"line":94,"column":5}},"line":82},"7":{"name":"(anonymous_7)","decl":{"start":{"line":83,"column":26},"end":{"line":83,"column":27}},"loc":{"start":{"line":83,"column":37},"end":{"line":93,"column":9}},"line":83},"8":{"name":"(anonymous_8)","decl":{"start":{"line":86,"column":22},"end":{"line":86,"column":23}},"loc":{"start":{"line":86,"column":37},"end":{"line":91,"column":17}},"line":86},"9":{"name":"(anonymous_9)","decl":{"start":{"line":118,"column":27},"end":{"line":118,"column":28}},"loc":{"start":{"line":118,"column":52},"end":{"line":144,"column":1}},"line":118},"10":{"name":"(anonymous_10)","decl":{"start":{"line":123,"column":14},"end":{"line":123,"column":15}},"loc":{"start":{"line":123,"column":29},"end":{"line":142,"column":9}},"line":123},"11":{"name":"(anonymous_11)","decl":{"start":{"line":129,"column":22},"end":{"line":129,"column":23}},"loc":{"start":{"line":129,"column":40},"end":{"line":141,"column":17}},"line":129}},"branchMap":{"0":{"loc":{"start":{"line":50,"column":16},"end":{"line":52,"column":17}},"type":"if","locations":[{"start":{"line":50,"column":16},"end":{"line":52,"column":17}},{"start":{},"end":{}}],"line":50},"1":{"loc":{"start":{"line":87,"column":20},"end":{"line":89,"column":21}},"type":"if","locations":[{"start":{"line":87,"column":20},"end":{"line":89,"column":21}},{"start":{},"end":{}}],"line":87},"2":{"loc":{"start":{"line":124,"column":12},"end":{"line":126,"column":13}},"type":"if","locations":[{"start":{"line":124,"column":12},"end":{"line":126,"column":13}},{"start":{},"end":{}}],"line":124},"3":{"loc":{"start":{"line":130,"column":20},"end":{"line":132,"column":21}},"type":"if","locations":[{"start":{"line":130,"column":20},"end":{"line":132,"column":21}},{"start":{},"end":{}}],"line":130}},"s":{"0":3,"1":3,"2":3,"3":3,"4":3,"5":3,"6":3,"7":3,"8":3,"9":0,"10":3,"11":0,"12":0,"13":0,"14":0,"15":0,"16":0,"17":3,"18":0,"19":0,"20":0,"21":0,"22":0,"23":0,"24":3,"25":0,"26":0,"27":0,"28":0,"29":0,"30":0,"31":0,"32":0,"33":0,"34":0,"35":3},"f":{"0":0,"1":0,"2":0,"3":0,"4":0,"5":0,"6":0,"7":0,"8":0,"9":0,"10":0,"11":0},"b":{"0":[0,0],"1":[0,0],"2":[0,0],"3":[0,0]},"_coverageSchema":"1a1c01bbd47fc00a2c39e90264f33305004495a9","hash":"e30a98b01e1dec8268e0fa1385a98c77a0580a49"}
,"C:\\Users\\UTILISATEUR\\port-de-plaisance\\server\\routes\\reservationRoutes.js": {"path":"C:\\Users\\UTILISATEUR\\port-de-plaisance\\server\\routes\\reservationRoutes.js","statementMap":{"0":{"start":{"line":1,"column":14},"end":{"line":1,"column":32}},"1":{"start":{"line":2,"column":13},"end":{"line":2,"column":29}},"2":{"start":{"line":3,"column":18},"end":{"line":3,"column":50}},"3":{"start":{"line":4,"column":11},"end":{"line":4,"column":40}},"4":{"start":{"line":5,"column":13},"end":{"line":5,"column":40}},"5":{"start":{"line":53,"column":0},"end":{"line":68,"column":3}},"6":{"start":{"line":54,"column":4},"end":{"line":67,"column":7}},"7":{"start":{"line":55,"column":8},"end":{"line":66,"column":25}},"8":{"start":{"line":57,"column":16},"end":{"line":59,"column":17}},"9":{"start":{"line":58,"column":20},"end":{"line":58,"column":82}},"10":{"start":{"line":60,"column":16},"end":{"line":61,"column":40}},"11":{"start":{"line":64,"column":16},"end":{"line":64,"column":39}},"12":{"start":{"line":76,"column":0},"end":{"line":90,"column":3}},"13":{"start":{"line":77,"column":4},"end":{"line":89,"column":7}},"14":{"start":{"line":78,"column":8},"end":{"line":88,"column":25}},"15":{"start":{"line":83,"column":16},"end":{"line":85,"column":17}},"16":{"start":{"line":84,"column":20},"end":{"line":84,"column":88}},"17":{"start":{"line":86,"column":16},"end":{"line":86,"column":38}},"18":{"start":{"line":101,"column":0},"end":{"line":110,"column":3}},"19":{"start":{"line":102,"column":4},"end":{"line":109,"column":7}},"20":{"start":{"line":103,"column":8},"end":{"line":108,"column":25}},"21":{"start":{"line":106,"column":16},"end":{"line":106,"column":39}},"22":{"start":{"line":121,"column":0},"end":{"line":133,"column":3}},"23":{"start":{"line":122,"column":4},"end":{"line":132,"column":7}},"24":{"start":{"line":123,"column":20},"end":{"line":123,"column":30}},"25":{"start":{"line":124,"column":8},"end":{"line":131,"column":25}},"26":{"start":{"line":129,"column":16},"end":{"line":129,"column":39}},"27":{"start":{"line":142,"column":0},"end":{"line":158,"column":3}},"28":{"start":{"line":143,"column":4},"end":{"line":157,"column":7}},"29":{"start":{"line":144,"column":8},"end":{"line":156,"column":25}},"30":{"start":{"line":146,"column":16},"end":{"line":148,"column":17}},"31":{"start":{"line":147,"column":20},"end":{"line":147,"column":82}},"32":{"start":{"line":149,"column":34},"end":{"line":149,"column":59}},"33":{"start":{"line":150,"column":16},"end":{"line":150,"column":53}},"34":{"start":{"line":151,"column":16},"end":{"line":151,"column":42}},"35":{"start":{"line":154,"column":16},"end":{"l
[...]
line":158,"column":1}},"line":142},"14":{"name":"(anonymous_14)","decl":{"start":{"line":143,"column":19},"end":{"line":143,"column":20}},"loc":{"start":{"line":143,"column":30},"end":{"line":157,"column":5}},"line":143},"15":{"name":"(anonymous_15)","decl":{"start":{"line":145,"column":18},"end":{"line":145,"column":19}},"loc":{"start":{"line":145,"column":35},"end":{"line":152,"column":13}},"line":145},"16":{"name":"(anonymous_16)","decl":{"start":{"line":153,"column":18},"end":{"line":153,"column":19}},"loc":{"start":{"line":153,"column":43},"end":{"line":155,"column":13}},"line":153},"17":{"name":"(anonymous_17)","decl":{"start":{"line":166,"column":55},"end":{"line":166,"column":56}},"loc":{"start":{"line":166,"column":80},"end":{"line":184,"column":1}},"line":166},"18":{"name":"(anonymous_18)","decl":{"start":{"line":167,"column":19},"end":{"line":167,"column":20}},"loc":{"start":{"line":167,"column":30},"end":{"line":183,"column":5}},"line":167},"19":{"name":"(anonymous_19)","decl":{"start":{"line":176,"column":18},"end":{"line":176,"column":19}},"loc":{"start":{"line":176,"column":40},"end":{"line":181,"column":13}},"line":176},"20":{"name":"(anonymous_20)","decl":{"start":{"line":192,"column":58},"end":{"line":192,"column":59}},"loc":{"start":{"line":192,"column":83},"end":{"line":206,"column":1}},"line":192},"21":{"name":"(anonymous_21)","decl":{"start":{"line":193,"column":19},"end":{"line":193,"column":20}},"loc":{"start":{"line":193,"column":30},"end":{"line":205,"column":5}},"line":193},"22":{"name":"(anonymous_22)","decl":{"start":{"line":198,"column":18},"end":{"line":198,"column":19}},"loc":{"start":{"line":198,"column":40},"end":{"line":203,"column":13}},"line":198},"23":{"name":"(anonymous_23)","decl":{"start":{"line":217,"column":16},"end":{"line":217,"column":17}},"loc":{"start":{"line":217,"column":41},"end":{"line":225,"column":1}},"line":217},"24":{"name":"(anonymous_24)","decl":{"start":{"line":218,"column":19},"end":{"line":218,"column":20}},"loc":{"start":{"line":218,"column":30},"end":{"line":224,"column":5}},"line":218},"25":{"name":"(anonymous_25)","decl":{"start":{"line":220,"column":18},"end":{"line":220,"column":19}},"loc":{"start":{"line":220,"column":41},"end":{"line":222,"column":13}},"line":220},"26":{"name":"(anonymous_26)","decl":{"start":{"line":236,"column":19},"end":{"line":236,"column":20}},"loc":{"start":{"line":236,"column":44},"end":{"line":247,"column":1}},"line":236},"27":{"name":"(anonymous_27)","decl":{"start":{"line":237,"column":19},"end":{"line":237,"column":20}},"loc":{"start":{"line":237,"column":30},"end":{"line":246,"column":5}},"line":237},"28":{"name":"(anonymous_28)","decl":{"start":{"line":239,"column":18},"end":{"line":239,"column":19}},"loc":{"start":{"line":239,"column":40},"end":{"line":244,"column":13}},"line":239},"29":{"name":"(anonymous_29)","decl":{"start":{"line":264,"column":17},"end":{"line":264,"column":18}},"loc":{"start":{"line":264,"column":42},"end":{"line":279,"column":1}},"line":264},"30":{"name":"(anonymous_30)","decl":{"start":{"line":265,"column":19},"end":{"line":265,"column":20}},"loc":{"start":{"line":265,"column":30},"end":{"line":278,"column":5}},"line":265},"31":{"name":"(anonymous_31)","decl":{"start":{"line":267,"column":18},"end":{"line":267,"column":19}},"loc":{"start":{"line":267,"column":35},"end":{"line":273,"column":13}},"line":267},"32":{"name":"(anonymous_32)","decl":{"start":{"line":274,"column":18},"end":{"line":274,"column":19}},"loc":{"start":{"line":274,"column":43},"end":{"line":276,"column":13}},"line":274},"33":{"name":"(anonymous_33)","decl":{"start":{"line":296,"column":19},"end":{"line":296,"column":20}},"loc":{"start":{"line":296,"column":44},"end":{"line":307,"column":1}},"line":296},"34":{"name":"(anonymous_34)","decl":{"start":{"line":297,"column":19},"end":{"line":297,"column":20}},"loc":{"start":{"line":297,"column":30},"end":{"line":306,"column":5}},"line":297},"35":{"name":"(anonymous_35)","decl":{"start":{"line":299,"column":18},"end":{"line":299,"column":19}},"loc":{"start":{"line":299,"column":40},"end":{"line":304,"column":13}},"line":299}},"branchMap":{"0":{"loc":{"start":{"line":57,"column":16},"end":{"line":59,"column":17}},"type":"if","locations":[{"start":{"line":57,"column":16},"end":{"line":59,"column":17}},{"start":{},"end":{}}],"line":57},"1":{"loc":{"start":{"line":83,"column":16},"end":{"line":85,"column":17}},"type":"if","locations":[{"start":{"line":83,"column":16},"end":{"line":85,"column":17}},{"start":{},"end":{}}],"line":83},"2":{"loc":{"start":{"line":146,"column":16},"end":{"line":148,"column":17}},"type":"if","locations":[{"start":{"line":146,"column":16},"end":{"line":148,"column":17}},{"start":{},"end":{}}],"line":146},"3":{"loc":{"start":{"line":177,"column":16},"end":{"line":179,"column":17}},"type":"if","locations":[{"start":{"line":177,"column":16},"end":{"line":179,"column":17}},{"start":{},"end":{}}],"line":177},"4":{"loc":{"start":{"line":199,"column":16},"end":{"line":201,"column":17}},"type":"if","locations":[{"start":{"line":199,"column":16},"end":{"line":201,"column":17}},{"start":{},"end":{}}],"line":199},"5":{"loc":{"start":{"line":240,"column":16},"end":{"line":242,"column":17}},"type":"if","locations":[{"start":{"line":240,"column":16},"end":{"line":242,"column":17}},{"start":{},"end":{}}],"line":240},"6":{"loc":{"start":{"line":268,"column":16},"end":{"line":270,"column":17}},"type":"if","locations":[{"start":{"line":268,"column":16},"end":{"line":270,"column":17}},{"start":{},"end":{}}],"line":268},"7":{"loc":{"start":{"line":300,"column":16},"end":{"line":302,"column":17}},"type":"if","locations":[{"start":{"line":300,"column":16},"end":{"line":302,"column":17}},{"start":{},"end":{}}],"line":300}},"s":{"0":3,"1":3,"2":3,"3":3,"4":3,"5":3,"6":0,"7":0,"8":0,"9":0,"10":0,"11":0,"12":3,"13":0,"14":0,"15":0,"16":0,"17":0,"18":3,"19":0,"20":0,"21":0,"22":3,"23":0,"24":0,"25":0,"26":0,"27":3,"28":0,"29":0,"30":0,"31":0,"32":0,"33":0,"34":0,"35":0,"36":3,"37":0,"38":0,"39":0,"40":0,"41":0,"42":3,"43":0,"44":0,"45":0,"46":0,"47":0,"48":3,"49":0,"50":0,"51":0,"52":3,"53":0,"54":0,"55":0,"56":0,"57":0,"58":3,"59":0,"60":0,"61":0,"62":0,"63":0,"64":0,"65":0,"66":3,"67":0,"68":0,"69":0,"70":0,"71":0,"72":3},"f":{"0":0,"1":0,"2":0,"3":0,"4":0,"5":0,"6":0,"7":0,"8":0,"9":0,"10":0,"11":0,"12":0,"13":0,"14":0,"15":0,"16":0,"17":0,"18":0,"19":0,"20":0,"21":0,"22":0,"23":0,"24":0,"25":0,"26":0,"27":0,"28":0,"29":0,"30":0,"31":0,"32":0,"33":0,"34":0,"35":0},"b":{"0":[0,0],"1":[0,0],"2":[0,0],"3":[0,0],"4":[0,0],"5":[0,0],"6":[0,0],"7":[0,0]},"_coverageSchema":"1a1c01bbd47fc00a2c39e90264f33305004495a9","hash":"5d4b899d0b869c85d7c2cb17fe8e5e448ba53b0c"}
,"C:\\Users\\UTILISATEUR\\port-de-plaisance\\server\\routes\\userRoutes.js": {"path":"C:\\Users\\UTILISATEUR\\port-de-plaisance\\server\\routes\\userRoutes.js","statementMap":{"0":{"start":{"line":1,"column":14},"end":{"line":1,"column":32}},"1":{"start":{"line":2,"column":13},"end":{"line":2,"column":29}},"2":{"start":{"line":3,"column":11},"end":{"line":3,"column":40}},"3":{"start":{"line":4,"column":21},"end":{"line":4,"column":61}},"4":{"start":{"line":44,"column":0},"end":{"line":44,"column":69}},"5":{"start":{"line":53,"column":0},"end":{"line":53,"column":87}},"6":{"start":{"line":62,"column":0},"end":{"line":62,"column":69}},"7":{"start":{"line":71,"column":0},"end":{"line":71,"column":83}},"8":{"start":{"line":80,"column":0},"end":{"line":80,"column":77}},"9":{"start":{"line":82,"column":0},"end":{"line":94,"column":3}},"10":{"start":{"line":83,"column":4},"end":{"line":93,"column":11}},"11":{"start":{"line":86,"column":12},"end":{"line":88,"column":13}},"12":{"start":{"line":87,"column":16},"end":{"line":87,"column":83}},"13":{"start":{"line":89,"column":12},"end":{"line":89,"column":27}},"14":{"start":{"line":92,"column":12},"end":{"line":92,"column":61}},"15":{"start":{"line":96,"column":0},"end":{"line":96,"column":24}}},"fnMap":{"0":{"name":"(anonymous_0)","decl":{"start":{"line":82,"column":30},"end":{"line":82,"column":31}},"loc":{"start":{"line":82,"column":49},"end":{"line":94,"column":1}},"line":82},"1":{"name":"(anonymous_1)","decl":{"start":{"line":85,"column":14},"end":{"line":85,"column":15}},"loc":{"start":{"line":85,"column":29},"end":{"line":90,"column":9}},"line":85},"2":{"name":"(anonymous_2)","decl":{"start":{"line":91,"column":15},"end":{"line":91,"column":16}},"loc":{"start":{"line":91,"column":31},"end":{"line":93,"column":9}},"line":91}},"branchMap":{"0":{"loc":{"start":{"line":86,"column":12},"end":{"line":88,"column":13}},"type":"if","locations":[{"start":{"line":86,"column":12},"end":{"line":88,"column":13}},{"start":{},"end":{}}],"line":86}},"s":{"0":3,"1":3,"2":3,"3":3,"4":3,"5":3,"6":3,"7":3,"8":3,"9":3,"10":0,"11":0,"12":0,"13":0,"14":0,"15":3},"f":{"0":0,"1":0,"2":0},"b":{"0":[0,0]},"_coverageSchema":"1a1c01bbd47fc00a2c39e90264f33305004495a9","hash":"faffd0498b5612b591f440aea4c2524bd60a1513"}
,"C:\\Users\\UTILISATEUR\\port-de-plaisance\\server\\scripts\\importData.js": {"path":"C:\\Users\\UTILISATEUR\\port-de-plaisance\\server\\scripts\\importData.js","statementMap":{"0":{"start":{"line":1,"column":0},"end":{"line":1,"column":27}},"1":{"start":{"line":2,"column":0},"end":{"line":2,"column":66}},"2":{"start":{"line":3,"column":15},"end":{"line":3,"column":34}},"3":{"start":{"line":4,"column":13},"end":{"line":4,"column":40}},"4":{"start":{"line":5,"column":11},"end":{"line":5,"column":36}},"5":{"start":{"line":6,"column":9},"end":{"line":6,"column":22}},"6":{"start":{"line":7,"column":11},"end":{"line":7,"column":26}},"7":{"start":{"line":8,"column":13},"end":{"line":8,"column":30}},"8":{"start":{"line":9,"column":18},"end":{"line":9,"column":50}},"9":{"start":{"line":11,"column":17},"end":{"line":54,"column":1}},"10":{"start":{"line":12,"column":19},"end":{"line":12,"column":69}},"11":{"start":{"line":14,"column":4},"end":{"line":53,"column":11}},"12":{"start":{"line":16,"column":12},"end":{"line":16,"column":48}},"13":{"start":{"line":17,"column":12},"end":{"line":17,"column":85}},"14":{"start":{"line":20,"column":26},"end":{"line":20,"column":42}},"15":{"start":{"line":21,"column":12},"end":{"line":21,"column":46}},"16":{"start":{"line":24,"column":12},"end":{"line":24,"column":62}},"17":{"start":{"line":25,"column":12},"end":{"line":25,"column":83}},"18":{"start":{"line":28,"column":24},"end":{"line":28,"column":40}},"19":{"start":{"line":29,"column":30},"end":{"line":32,"column":14}},"20":{"start":{"line":30,"column":16},"end":{"line":30,"column":67}},"21":{"start":{"line":31,"column":16},"end":{"line":31,"column":28}},"22":{"start":{"line":33,"column":12},"end":{"line":33,"column":48}},"23":{"start":{"line":36,"column":12},"end":{"line":36,"column":67}},"24":{"start":{"line":37,"column":12},"end":{"line":37,"column":90}},"25":{"start":{"line":40,"column":31},"end":{"line":40,"column":47}},"26":{"start":{"line":41,"column":12},"end":{"line":41,"column":56}},"27":{"start":{"line":44,"column":12},"end":{"line":44,"column":68}},"28":{"start":{"line":45,"column":12},"end":{"line":45,"column":56}},"29":{"start":{"line":48,"column":12},"end":{"line":48,"column":64}},"30":{"start":{"line":49,"column":12},"end":{"line":49,"column":24}},"31":{"start":{"line":52,"column":12},"end":{"line":52,"column":34}},"32":{"start":{"line":57,"column":0},"end":{"line":59,"column":1}},"33":{"start":{"line":58,"column":4},"end":{"line":58,"column":17}},"34":{"start":{"line":62,"column":19},"end":{"line":62,"column":72}},"35":{"start":{"line":63,"column":4},"end":{"line":80,"column":7}},"36":{"start":{"line":64,"column":8},"end":{"line":79,"column":11}},"37":{"start":{"line":65,"column":12},"end":{"line":68,"column":13}},"38":{"start":{"line":66,"column":16},"end":{"line":66,"column":28}},"39":{"start":{"line":67,"column":16},"end":{"line":67,"column":23}},"40":{"start":{"line":69,"column":24},"end":{"line":69,"column":40}},"41":{"start":{"line":70,"column":12},"end":{"line":78,"column":31}},"42":{"start":{"line":71,"column":16},"end":{"line":75,"column":23}},"43":{"start":{"line":73,"column":24},"end":{"line":73,"column":45}},"44":{"start":{"line":74,"column":24},"end":{"line":74,"column":53}},"45":{"start":{"line":83,"column":0},"end":{"line":117,"column":2}},"46":{"start":{"line":85,"column":23},"end":{"line":85,"column":78}},"47":{"start":{"line":86,"column":8},"end":{"line":97,"column":11}},"48":{"start":{"line":87,"column":12},"end":{"line":96,"column":15}},"49":{"start":{"line":88,"column":16},"end":{"line":91,"column":17}},"50":{"start":{"line":89,"column":20},"end":{"line":89,"column":32}},"51":{"start":{"line":90,"column":20},"end":{"line":90,"column":27}},"52":{"start":{"line":92,"column":30},"end":{"line":92,"column":46}},"53":{"start":{"line":93,"column":16},"end":{"line":95,"column":35}},"54":{"start":{"line":101,"column":23},"end":{"line":101,"column":83}},"55":{"start":{"line":102,"column":8},"end":{"line":113,"column":11}},"56":{"start":{"line":103,"column":12},"end":{"line":112,"column":15}},"57":{"start":{"line":104,"column":16},"end":{"line":107,"column":17}},"58":{"start":{"line":105,"column":20},"end":{"line":105,"column":32}},"59":{"start":{"line":106,"column":20},"end":{"line":106,"column":27}},"60":{"start":{"line":108,"column":35},"end":{"line":108,"column":51}},"61":{"start":{"line":109,"column":16},"end":{"line":111,"column":35}}},"fnMap":{"0":{"name":"(anonymous_0)","decl":{"start":{"line":11,"column":17},"end":{"line":11,"column":18}},"loc":{"start":{"line":11,"column":28},"end":{"line":54,"column":1}},"line":11},"1":{"name":"(anonymous_1)","decl":{"start":{"line":15,"column":14},"end":{"line":15,"column":15}},"loc":{"start":{"line":15,"column":25},"end":{"line":18,"column":9}},"line":15},"2":{"name":"(anonymous_2)","decl":{"start":{"line":19,"column":14},"end":{"line":19,"column":15}},"loc":{"start":{"line":19,"column":29},"end":{"line":22,"column":9}},"line":19},"3":{"name":"(anonymous_3)","decl":{"start":{"line":23,"column":14},"end":{"line":23,"column":15}},"loc":{"start":{"line":23,"column":31},"end":{"line":26,"column":9}},"line":23},"4":{"name":"(anonymous_4)","decl":{"start":{"line":27,"column":14},"end":{"line":27,"column":15}},"loc":{"start":{"line":27,"column":29},"end":{"line":34,"column":9}},"line":27},"5":{"name":"(anonymous_5)","decl":{"start":{"line":29,"column":40},"end":{"line":29,"column":41}},"loc":{"start":{"line":29,"column":55},"end":{"line":32,"column":13}},"line":29},"6":{"name":"(anonymous_6)","decl":{"start":{"line":35,"column":14},"end":{"line":35,"column":15}},"loc":{"start":{"line":35,"column":31},"end":{"line":38,"column":9}},"line":35},"7":{"name":"(anonymous_7)","decl":{"start":{"line":39,"column":14},"end":{"line":39,"column":15}},"loc":{"start":{"line":39,"column":29},"end":{"line":42,"column":9}},"line":39},"8":{"name":"(anonymous_8)","decl":{"start":{"line":43,"column":14},"end":{"line":43,"column":15}},"loc":{"start":{"line":43,"column":31},"end":{"line":46,"column":9}},"line":43},"9":{"name":"(anonymous_9)","decl":{"start":{"line":47,"column":15},"end":{"line":47,"column":16}},"loc":{"start":{"line":47,"column":31},"end":{"line":50,"column":9}},"line":47},"10":{"name":"(anonymous_10)","decl":{"start":{"line":51,"column":17},"end":{"line":51,"column":18}},"loc":{"start":{"line":51,"column":28},"end":{"line":53,"column":9}},"line":51},"11":{"name":"importUsers","decl":{"start":{"line":61,"column":9},"end":{"line":61,"column":20}},"loc":{"start":{"line":61,"column":23},"end":{"line":81,"column":1}},"line":61},"12":{"name":"(anonymous_12)","decl":{"start":{"line":63,"column":23},"end":{"line":63,"column":24}},"loc":{"start":{"line":63,"column":49},"end":{"line":80,"column":5}},"line":63},"13":{"name":"(anonymous_13)","decl":{"start":{"line":64,"column":38},"end":{"line":64,"column":39}},"loc":{"start":{"line":64,"column":58},"end":{"line":79,"column":9}},"line":64},"14":{"name":"(anonymous_14)","decl":{"start":{"line":70,"column":41},"end":{"line":70,"column":42}},"loc":{"start":{"line":70,"column":56},"end":{"line":76,"column":13}},"line":70},"15":{"name":"(anonymous_15)","decl":{"start":{"line":72,"column":26},"end":{"line":72,"column":27}},"loc":{"start":{"line":72,"column":41},"end":{"line":75,"column":21}},"line":72},"16":{"name":"(anonymous_16)","decl":{"start":{"line":84,"column":19},"end":{"line":84,"column":20}},"loc":{"start":{"line":84,"column":30},"end":{"line":98,"column":5}},"line":84},"17":{"name":"(anonymous_17)","decl":{"start":{"line":86,"column":27},"end":{"line":86,"column":28}},"loc":{"start":{"line":86,"column":53},"end":{"line":97,"column":9}},"line":86},"18":{"name":"(anonymous_18)","decl":{"start":{"line":87,"column":42},"end":{"line":87,"column":43}},"loc":{"start":{"line":87,"column":62},"end":{"line":96,"column":13}},"line":87},"19":{"name":"(anonymous_19)","decl":{"start":{"line":100,"column":24},"end":{"line":100,"column":25}},"loc":{"start":{"line":100,"column":35},"end":{"line":114,"column":5}},"line":100},"20":{"name":"(anonymous_20)","decl":{"start":{"line":102,"column":27},"end":{"line":102,"column":28}},"loc":{"start":{"line":102,"column":53},"end":{"line":113,"column":9}},"line":102},"21":{"name":"(anonymous_21)","decl":{"start":{"line":103,"column":42},"end":{"line":103,"column":43}},"loc":{"start":{"line":103,"column":62},"end":{"line":112,"column":13}},"line":103}},"branchMap":{"0":{"loc":{"start":{"line":12,"column":19},"end":{"line":12,"column":69}},"type":"binary-expr","locations":[{"start":{"line":12,"column":19},"end":{"line":12,"column":42}},{"start":{"line":12,"column":46},"end":{"line":12,"column":69}}],"line":12},"1":{"loc":{"start":{"line":57,"column":0},"end":{"line":59,"column":1}},"type":"if","locations":[{"start":{"line":57,"column":0},"end":{"line":59,"column":1}},{"start":{},"end":{}}],"line":57},"2":{"loc":{"start":{"line":62,"column":29},"end":{"line":62,"column":57}},"type":"binary-expr","locations":[{"start":{"line":62,"column":29},"end":{"line":62,"column":50}},{"start":{"line":62,"column":54},"end":{"line":62,"column":57}}],"line":62},"3":{"loc":{"start":{"line":65,"column":12},"end":{"line":68,"column":13}},"type":"if","locations":[{"start":{"line":65,"column":12},"end":{"line":68,"column":13}},{"start":{},"end":{}}],"line":65},"4":{"loc":{"start":{"line":85,"column":33},"end":{"line":85,"column":61}},"type":"binary-expr","locations":[{"start":{"line":85,"column":33},"end":{"line":85,"column":54}},{"start":{"line":85,"column":58},"end":{"line":85,"column":61}}],"line":85},"5":{"loc":{"start":{"line":88,"column":16},"end":{"line":91,"column":17}},"type":"if","locations":[{"start":{"line":88,"column":16},"end":{"line":91,"column":17}},{"start":{},"end":{}}],"line":88},"6":{"loc":{"start":{"line":101,"column":33},"end":{"line":101,"column":61}},"type":"binary-expr","locations":[{"start":{"line":101,"column":33},"end":{"line":101,"column":54}},{"start":{"line":101,"column":58},"end":{"line":101,"column":61}}],"line":101},"7":{"loc":{"start":{"line":104,"column":16},"end":{"line":107,"column":17}},"type":"if","locations":[{"start":{"line":104,"column":16},"end":{"line":107,"column":17}},{"start":{},"end":{}}],"line":104}},"s":{"0":1,"1":1,"2":1,"3":1,"4":1,"5":1,"6":1,"7":1,"8":1,"9":1,"10":0,"11":0,"12":0,"13":0,"14":0,"15":0,"16":0,"17":0,"18":0,"19":0,"20":0,"21":0,"22":0,"23":0,"24":0,"25":0,"26":0,"27":0,"28":0,"29":0,"30":0,"31":0,"32":1,"33":0,"34":0,"35":0,"36":0,"37":0,"38":0,"39":0,"40":0,"41":0,"42":0,"43":0,"44":0,"45":1,"46":2,"47":2,"48":2,"49":2,"50":1,"51":1,"52":1,"53":1,"54":1,"55":1,"56":1,"57":1,"58":0,"59":0,"60":1,"61":1},"f":{"0":0,"1":0,"2":0,"3":0,"4":0,"5":0,"6":0,"7":0,"8":0,"9":0,"10":0,"11":0,"12":0,"13":0,"14":0,"15":0,"16":2,"17":2,"18":2,"19":1,"20":1,"21":1},"b":{"0":[0,0],"1":[0,1],"2":[0,0],"3":[0,0],"4":[2,0],"5":[1,1],"6":[1,0],"7":[0,1]},"_coverageSchema":"1a1c01bbd47fc00a2c39e90264f33305004495a9","hash":"1c4617f25c5da8b88f2e5110ca5ea93d4bcad743"}
}
