TN:
SF:server\app.js
FN:28,(anonymous_0)
FN:30,(anonymous_1)
FN:61,(anonymous_2)
FN:79,(anonymous_3)
FN:90,(anonymous_4)
FN:94,(anonymous_5)
FNF:6
FNH:1
FNDA:3,(anonymous_0)
FNDA:0,(anonymous_1)
FNDA:0,(anonymous_2)
FNDA:0,(anonymous_3)
FNDA:0,(anonymous_4)
FNDA:0,(anonymous_5)
DA:1,3
DA:2,3
DA:3,3
DA:4,3
DA:5,3
DA:6,3
DA:7,3
DA:8,3
DA:9,3
DA:10,3
DA:11,3
DA:12,3
DA:13,3
DA:16,3
DA:17,3
DA:18,3
DA:19,3
DA:20,3
DA:22,3
DA:25,3
DA:29,3
DA:31,0
DA:32,0
DA:36,3
DA:37,3
DA:38,3
DA:39,3
DA:40,3
DA:41,3
DA:42,3
DA:43,3
DA:46,3
DA:47,3
DA:50,3
DA:61,3
DA:62,0
DA:63,0
DA:67,3
DA:70,3
DA:71,3
DA:72,3
DA:73,3
DA:76,3
DA:79,3
DA:80,0
DA:87,3
DA:90,3
DA:91,0
DA:94,3
DA:95,0
DA:96,0
DA:99,3
LF:52
LH:44
BRDA:25,0,0,3
BRDA:25,0,1,0
BRDA:51,1,0,3
BRDA:51,1,1,3
BRDA:62,2,0,0
BRDA:62,2,1,0
BRF:6
BRH:3
end_of_record
TN:
SF:server\config\config.js
FNF:0
FNH:0
DA:1,4
LF:1
LH:1
BRDA:4,0,0,4
BRDA:4,0,1,0
BRDA:13,1,0,4
BRDA:13,1,1,0
BRDA:26,2,0,4
BRDA:26,2,1,4
BRDA:27,3,0,4
BRDA:27,3,1,0
BRDA:42,4,0,4
BRDA:42,4,1,4
BRDA:43,5,0,4
BRDA:43,5,1,4
BRF:12
BRH:9
end_of_record
TN:
SF:server\config\swagger.js
FNF:0
FNH:0
DA:1,4
DA:2,4
DA:3,4
DA:4,4
DA:5,4
DA:7,4
DA:59,4
DA:60,4
DA:62,4
DA:68,4
LF:10
LH:10
BRF:0
BRH:0
end_of_record
TN:
SF:server\controllers\catwayController.js
FN:8,(anonymous_0)
FN:15,(anonymous_1)
FN:18,(anonymous_2)
FN:29,(anonymous_3)
FN:31,(anonymous_4)
FN:42,(anonymous_5)
FN:48,(anonymous_6)
FN:59,(anonymous_7)
FN:62,(anonymous_8)
FN:65,(anonymous_9)
FN:81,(anonymous_10)
FN:87,(anonymous_11)
FN:93,(anonymous_12)
FN:104,(anonymous_13)
FN:106,(anonymous_14)
FN:112,(anonymous_15)
FNF:16
FNH:0
FNDA:0,(anonymous_0)
FNDA:0,(anonymous_1)
FNDA:0,(anonymous_2)
FNDA:0,(anonymous_3)
FNDA:0,(anonymous_4)
FNDA:0,(anonymous_5)
FNDA:0,(anonymous_6)
FNDA:0,(anonymous_7)
FNDA:0,(anonymous_8)
FNDA:0,(anonymous_9)
FNDA:0,(anonymous_10)
FNDA:0,(anonymous_11)
FNDA:0,(anonymous_12)
FNDA:0,(anonymous_13)
FNDA:0,(anonymous_14)
FNDA:0,(anonymous_15)
DA:1,3
DA:2,3
DA:7,3
DA:9,0
DA:10,0
DA:11,0
DA:13,0
DA:16,0
DA:19,0
DA:30,0
DA:32,0
DA:33,0
DA:36,0
DA:43,0
DA:44,0
DA:45,0
DA:49,0
DA:60,0
DA:61,0
DA:63,0
DA:66,0
DA:67,0
DA:71,0
DA:82,0
DA:88,0
DA:89,0
DA:91,0
DA:94,0
DA:105,0
DA:107,0
DA:108,0
DA:110,0
DA:113,0
LF:33
LH:3
BRDA:10,0,0,0
BRDA:10,0,1,0
BRDA:11,1,0,0
BRDA:11,1,1,0
BRDA:32,2,0,0
BRDA:32,2,1,0
BRDA:66,3,0,0
BRDA:66,3,1,0
BRDA:88,4,0,0
BRDA:88,4,1,0
BRDA:107,5,0,0
BRDA:107,5,1,0
BRF:12
BRH:0
end_of_record
TN:
SF:server\controllers\userController.js
FN:6,(anonymous_0)
FN:9,(anonymous_1)
FN:12,(anonymous_2)
FN:20,(anonymous_3)
FN:23,(anonymous_4)
FN:29,(anonymous_5)
FN:37,(anonymous_6)
FN:40,(anonymous_7)
FN:45,(anonymous_8)
FN:53,(anonymous_9)
FN:60,(anonymous_10)
FN:66,(anonymous_11)
FN:74,(anonymous_12)
FN:76,(anonymous_13)
FN:82,(anonymous_14)
FN:90,(anonymous_15)
FN:96,(anonymous_16)
FN:106,(anonymous_17)
FN:115,(anonymous_18)
FN:125,(anonymous_19)
FN:133,(anonymous_20)
FNF:21
FNH:0
FNDA:0,(anonymous_0)
FNDA:0,(anonymous_1)
FNDA:0,(anonymous_2)
FNDA:0,(anonymous_3)
FNDA:0,(anonymous_4)
FNDA:0,(anonymous_5)
FNDA:0,(anonymous_6)
FNDA:0,(anonymous_7)
FNDA:0,(anonymous_8)
FNDA:0,(anonymous_9)
FNDA:0,(anonymous_10)
FNDA:0,(anonymous_11)
FNDA:0,(anonymous_12)
FNDA:0,(anonymous_13)
FNDA:0,(anonymous_14)
FNDA:0,(anonymous_15)
FNDA:0,(anonymous_16)
FNDA:0,(anonymous_17)
FNDA:0,(anonymous_18)
FNDA:0,(anonymous_19)
FNDA:0,(anonymous_20)
DA:1,3
DA:6,3
DA:7,0
DA:10,0
DA:13,0
DA:20,3
DA:21,0
DA:24,0
DA:25,0
DA:27,0
DA:30,0
DA:37,3
DA:38,0
DA:39,0
DA:41,0
DA:42,0
DA:43,0
DA:46,0
DA:53,3
DA:54,0
DA:61,0
DA:62,0
DA:64,0
DA:67,0
DA:74,3
DA:75,0
DA:77,0
DA:78,0
DA:80,0
DA:83,0
DA:90,3
DA:91,0
DA:92,0
DA:95,0
DA:97,0
DA:98,0
DA:99,0
DA:104,0
DA:107,0
DA:108,0
DA:112,0
DA:113,0
DA:117,0
DA:123,0
DA:126,0
DA:133,3
DA:135,0
LF:47
LH:8
BRDA:24,0,0,0
BRDA:24,0,1,0
BRDA:61,1,0,0
BRDA:61,1,1,0
BRDA:77,2,0,0
BRDA:77,2,1,0
BRDA:98,3,0,0
BRDA:98,3,1,0
BRDA:98,4,0,0
BRDA:98,4,1,0
BRDA:107,5,0,0
BRDA:107,5,1,0
BRF:12
BRH:0
end_of_record
TN:
SF:server\middleware\auth.js
FN:8,(anonymous_0)
FN:28,(anonymous_1)
FN:40,(anonymous_2)
FN:41,(anonymous_3)
FN:55,(anonymous_4)
FN:68,(anonymous_5)
FNF:6
FNH:4
FNDA:5,(anonymous_0)
FNDA:2,(anonymous_1)
FNDA:8,(anonymous_2)
FNDA:2,(anonymous_3)
FNDA:0,(anonymous_4)
FNDA:0,(anonymous_5)
DA:1,4
DA:2,4
DA:8,4
DA:9,5
DA:12,5
DA:13,1
DA:16,4
DA:17,4
DA:18,3
DA:19,3
DA:21,1
DA:28,4
DA:29,2
DA:30,1
DA:34,1
DA:40,4
DA:41,8
DA:42,2
DA:43,2
DA:45,0
DA:55,4
DA:56,0
DA:57,0
DA:61,0
DA:68,4
DA:69,0
DA:70,0
DA:73,4
LF:28
LH:22
BRDA:9,0,0,5
BRDA:9,0,1,4
BRDA:9,0,2,3
BRDA:12,1,0,1
BRDA:12,1,1,4
BRDA:29,2,0,1
BRDA:29,2,1,1
BRDA:29,3,0,2
BRDA:29,3,1,2
BRDA:42,4,0,2
BRDA:42,4,1,0
BRDA:42,5,0,2
BRDA:42,5,1,1
BRDA:56,6,0,0
BRDA:56,6,1,0
BRF:15
BRH:12
end_of_record
TN:
SF:server\middleware\errorHandler.js
FN:8,errorHandler
FN:19,(anonymous_1)
FNF:2
FNH:0
FNDA:0,errorHandler
FNDA:0,(anonymous_1)
DA:10,0
DA:11,0
DA:15,0
DA:16,0
DA:20,0
DA:29,0
DA:30,0
DA:38,0
DA:39,0
DA:47,0
DA:48,0
DA:54,0
DA:55,0
DA:62,0
DA:63,0
DA:69,0
DA:70,0
DA:73,0
DA:77,0
DA:83,3
LF:20
LH:1
BRDA:10,0,0,0
BRDA:10,0,1,0
BRDA:15,1,0,0
BRDA:15,1,1,0
BRDA:29,2,0,0
BRDA:29,2,1,0
BRDA:38,3,0,0
BRDA:38,3,1,0
BRDA:47,4,0,0
BRDA:47,4,1,0
BRDA:54,5,0,0
BRDA:54,5,1,0
BRDA:62,6,0,0
BRDA:62,6,1,0
BRDA:65,7,0,0
BRDA:65,7,1,0
BRDA:69,8,0,0
BRDA:69,8,1,0
BRDA:73,9,0,0
BRDA:73,9,1,0
BRDA:77,10,0,0
BRDA:77,10,1,0
BRDA:78,11,0,0
BRDA:78,11,1,0
BRDA:79,12,0,0
BRDA:79,12,1,0
BRF:26
BRH:0
end_of_record
TN:
SF:server\middleware\isAdmin.js
FN:1,(anonymous_0)
FNF:1
FNH:1
FNDA:4,(anonymous_0)
DA:1,4
DA:2,4
DA:3,3
DA:5,1
LF:4
LH:4
BRDA:2,0,0,3
BRDA:2,0,1,1
BRDA:2,1,0,4
BRDA:2,1,1,4
BRF:4
BRH:4
end_of_record
TN:
SF:server\models\catway.js
FN:34,(anonymous_0)
FN:42,(anonymous_1)
FN:47,(anonymous_2)
FN:56,(anonymous_3)
FNF:4
FNH:1
FNDA:10,(anonymous_0)
FNDA:0,(anonymous_1)
FNDA:0,(anonymous_2)
FNDA:0,(anonymous_3)
DA:1,6
DA:3,6
DA:34,6
DA:35,10
DA:36,0
DA:38,10
DA:42,6
DA:43,0
DA:47,6
DA:48,0
DA:49,0
DA:51,0
DA:52,0
DA:56,6
DA:57,0
DA:58,0
DA:59,0
DA:62,6
DA:64,6
LF:19
LH:10
BRDA:35,0,0,0
BRDA:35,0,1,10
BRDA:35,1,0,10
BRDA:35,1,1,1
BRDA:48,2,0,0
BRDA:48,2,1,0
BRDA:57,3,0,0
BRDA:57,3,1,0
BRF:8
BRH:3
end_of_record
TN:
SF:server\models\reservation.js
FN:45,(anonymous_0)
FN:53,(anonymous_1)
FN:70,(anonymous_2)
FN:80,(anonymous_3)
FN:94,(anonymous_4)
FN:102,(anonymous_5)
FNF:6
FNH:4
FNDA:5,(anonymous_0)
FNDA:1,(anonymous_1)
FNDA:1,(anonymous_2)
FNDA:1,(anonymous_3)
FNDA:0,(anonymous_4)
FNDA:0,(anonymous_5)
DA:1,5
DA:3,5
DA:45,5
DA:46,5
DA:47,1
DA:49,5
DA:53,5
DA:54,1
DA:56,1
DA:57,0
DA:60,1
DA:71,1
DA:72,0
DA:74,1
DA:80,5
DA:81,1
DA:94,5
DA:95,0
DA:96,0
DA:97,0
DA:98,0
DA:102,5
DA:103,0
DA:104,0
DA:107,5
DA:109,5
LF:26
LH:18
BRDA:46,0,0,1
BRDA:46,0,1,4
BRDA:46,1,0,5
BRDA:46,1,1,5
BRDA:46,1,2,5
BRDA:56,2,0,0
BRDA:56,2,1,1
BRDA:56,3,0,1
BRDA:56,3,1,0
BRDA:56,3,2,0
BRDA:71,4,0,0
BRDA:71,4,1,1
BRF:12
BRH:8
end_of_record
TN:
SF:server\models\user.js
FN:18,(anonymous_0)
FN:51,(anonymous_1)
FN:58,(anonymous_2)
FN:61,(anonymous_3)
FN:65,(anonymous_4)
FN:71,(anonymous_5)
FN:76,(anonymous_6)
FNF:7
FNH:4
FNDA:8,(anonymous_0)
FNDA:2,(anonymous_1)
FNDA:2,(anonymous_2)
FNDA:2,(anonymous_3)
FNDA:0,(anonymous_4)
FNDA:0,(anonymous_5)
FNDA:0,(anonymous_6)
DA:1,5
DA:2,5
DA:4,5
DA:19,8
DA:51,5
DA:52,2
DA:53,2
DA:54,0
DA:57,2
DA:59,2
DA:62,2
DA:63,2
DA:66,0
DA:71,5
DA:72,0
DA:76,5
DA:77,0
DA:78,0
DA:79,0
DA:82,5
DA:84,5
LF:21
LH:15
BRDA:53,0,0,0
BRDA:53,0,1,2
BRF:2
BRH:1
end_of_record
TN:
SF:server\routes\authRoutes.js
FN:67,(anonymous_0)
FN:72,(anonymous_1)
FN:77,(anonymous_2)
FN:95,(anonymous_3)
FN:131,(anonymous_4)
FN:134,(anonymous_5)
FN:137,(anonymous_6)
FN:149,(anonymous_7)
FN:155,(anonymous_8)
FN:159,(anonymous_9)
FN:174,(anonymous_10)
FN:177,(anonymous_11)
FN:181,(anonymous_12)
FN:184,(anonymous_13)
FNF:14
FNH:0
FNDA:0,(anonymous_0)
FNDA:0,(anonymous_1)
FNDA:0,(anonymous_2)
FNDA:0,(anonymous_3)
FNDA:0,(anonymous_4)
FNDA:0,(anonymous_5)
FNDA:0,(anonymous_6)
FNDA:0,(anonymous_7)
FNDA:0,(anonymous_8)
FNDA:0,(anonymous_9)
FNDA:0,(anonymous_10)
FNDA:0,(anonymous_11)
FNDA:0,(anonymous_12)
FNDA:0,(anonymous_13)
DA:1,3
DA:2,3
DA:3,3
DA:4,3
DA:5,3
DA:6,3
DA:67,3
DA:68,0
DA:69,0
DA:71,0
DA:73,0
DA:74,0
DA:76,0
DA:78,0
DA:79,0
DA:81,0
DA:86,0
DA:87,0
DA:88,0
DA:96,0
DA:122,3
DA:131,3
DA:132,0
DA:135,0
DA:138,0
DA:149,3
DA:150,0
DA:151,0
DA:154,0
DA:156,0
DA:157,0
DA:160,0
DA:161,0
DA:165,0
DA:166,0
DA:167,0
DA:172,0
DA:175,0
DA:178,0
DA:179,0
DA:182,0
DA:185,0
DA:189,3
LF:43
LH:11
BRDA:73,0,0,0
BRDA:73,0,1,0
BRDA:78,1,0,0
BRDA:78,1,1,0
BRDA:160,2,0,0
BRDA:160,2,1,0
BRDA:166,3,0,0
BRDA:166,3,1,0
BRF:8
BRH:0
end_of_record
TN:
SF:server\routes\catwayRoutes.js
FN:68,(anonymous_0)
FN:69,(anonymous_1)
FN:75,(anonymous_2)
FN:104,(anonymous_3)
FN:105,(anonymous_4)
FN:107,(anonymous_5)
FN:132,(anonymous_6)
FN:133,(anonymous_7)
FN:134,(anonymous_8)
FN:137,(anonymous_9)
FN:166,(anonymous_10)
FN:167,(anonymous_11)
FN:168,(anonymous_12)
FN:170,(anonymous_13)
FN:177,(anonymous_14)
FN:200,(anonymous_15)
FN:201,(anonymous_16)
FN:202,(anonymous_17)
FN:205,(anonymous_18)
FN:213,(anonymous_19)
FN:249,(anonymous_20)
FN:250,(anonymous_21)
FN:252,(anonymous_22)
FN:259,(anonymous_23)
FN:297,(anonymous_24)
FN:298,(anonymous_25)
FN:303,(anonymous_26)
FN:366,(anonymous_27)
FN:367,(anonymous_28)
FN:372,(anonymous_29)
FN:433,(anonymous_30)
FN:434,(anonymous_31)
FN:443,(anonymous_32)
FN:488,(anonymous_33)
FN:489,(anonymous_34)
FN:494,(anonymous_35)
FNF:36
FNH:0
FNDA:0,(anonymous_0)
FNDA:0,(anonymous_1)
FNDA:0,(anonymous_2)
FNDA:0,(anonymous_3)
FNDA:0,(anonymous_4)
FNDA:0,(anonymous_5)
FNDA:0,(anonymous_6)
FNDA:0,(anonymous_7)
FNDA:0,(anonymous_8)
FNDA:0,(anonymous_9)
FNDA:0,(anonymous_10)
FNDA:0,(anonymous_11)
FNDA:0,(anonymous_12)
FNDA:0,(anonymous_13)
FNDA:0,(anonymous_14)
FNDA:0,(anonymous_15)
FNDA:0,(anonymous_16)
FNDA:0,(anonymous_17)
FNDA:0,(anonymous_18)
FNDA:0,(anonymous_19)
FNDA:0,(anonymous_20)
FNDA:0,(anonymous_21)
FNDA:0,(anonymous_22)
FNDA:0,(anonymous_23)
FNDA:0,(anonymous_24)
FNDA:0,(anonymous_25)
FNDA:0,(anonymous_26)
FNDA:0,(anonymous_27)
FNDA:0,(anonymous_28)
FNDA:0,(anonymous_29)
FNDA:0,(anonymous_30)
FNDA:0,(anonymous_31)
FNDA:0,(anonymous_32)
FNDA:0,(anonymous_33)
FNDA:0,(anonymous_34)
FNDA:0,(anonymous_35)
DA:1,3
DA:2,3
DA:3,3
DA:4,3
DA:5,3
DA:6,3
DA:7,3
DA:68,3
DA:69,0
DA:70,0
DA:71,0
DA:72,0
DA:74,0
DA:76,0
DA:104,3
DA:105,0
DA:106,0
DA:108,0
DA:109,0
DA:111,0
DA:132,3
DA:133,0
DA:134,0
DA:135,0
DA:136,0
DA:138,0
DA:166,3
DA:167,0
DA:168,0
DA:169,0
DA:171,0
DA:172,0
DA:174,0
DA:175,0
DA:178,0
DA:200,3
DA:201,0
DA:202,0
DA:204,0
DA:206,0
DA:207,0
DA:211,0
DA:214,0
DA:215,0
DA:217,0
DA:249,3
DA:250,0
DA:251,0
DA:253,0
DA:254,0
DA:256,0
DA:260,0
DA:297,3
DA:298,0
DA:299,0
DA:304,0
DA:305,0
DA:307,0
DA:366,3
DA:367,0
DA:368,0
DA:369,0
DA:371,0
DA:373,0
DA:433,3
DA:434,0
DA:435,0
DA:444,0
DA:445,0
DA:447,0
DA:488,3
DA:489,0
DA:490,0
DA:495,0
DA:496,0
DA:498,0
DA:504,3
LF:77
LH:18
BRDA:71,0,0,0
BRDA:71,0,1,0
BRDA:72,1,0,0
BRDA:72,1,1,0
BRDA:108,2,0,0
BRDA:108,2,1,0
BRDA:171,3,0,0
BRDA:171,3,1,0
BRDA:178,4,0,0
BRDA:178,4,1,0
BRDA:206,5,0,0
BRDA:206,5,1,0
BRDA:214,6,0,0
BRDA:214,6,1,0
BRDA:253,7,0,0
BRDA:253,7,1,0
BRDA:304,8,0,0
BRDA:304,8,1,0
BRDA:444,9,0,0
BRDA:444,9,1,0
BRDA:495,10,0,0
BRDA:495,10,1,0
BRF:22
BRH:0
end_of_record
TN:
SF:server\routes\frontend.js
FN:24,(anonymous_0)
FN:46,(anonymous_1)
FN:47,(anonymous_2)
FN:49,(anonymous_3)
FN:55,(anonymous_4)
FN:81,(anonymous_5)
FN:82,(anonymous_6)
FN:83,(anonymous_7)
FN:86,(anonymous_8)
FN:118,(anonymous_9)
FN:123,(anonymous_10)
FN:129,(anonymous_11)
FNF:12
FNH:0
FNDA:0,(anonymous_0)
FNDA:0,(anonymous_1)
FNDA:0,(anonymous_2)
FNDA:0,(anonymous_3)
FNDA:0,(anonymous_4)
FNDA:0,(anonymous_5)
FNDA:0,(anonymous_6)
FNDA:0,(anonymous_7)
FNDA:0,(anonymous_8)
FNDA:0,(anonymous_9)
FNDA:0,(anonymous_10)
FNDA:0,(anonymous_11)
DA:1,3
DA:2,3
DA:3,3
DA:4,3
DA:5,3
DA:6,3
DA:7,3
DA:8,3
DA:24,3
DA:25,0
DA:46,3
DA:47,0
DA:48,0
DA:50,0
DA:51,0
DA:53,0
DA:56,0
DA:81,3
DA:82,0
DA:83,0
DA:84,0
DA:87,0
DA:88,0
DA:90,0
DA:118,3
DA:119,0
DA:120,0
DA:122,0
DA:124,0
DA:125,0
DA:128,0
DA:130,0
DA:131,0
DA:134,0
DA:140,0
DA:146,3
LF:36
LH:13
BRDA:50,0,0,0
BRDA:50,0,1,0
BRDA:87,1,0,0
BRDA:87,1,1,0
BRDA:124,2,0,0
BRDA:124,2,1,0
BRDA:130,3,0,0
BRDA:130,3,1,0
BRF:8
BRH:0
end_of_record
TN:
SF:server\routes\reservationRoutes.js
FN:53,(anonymous_0)
FN:54,(anonymous_1)
FN:56,(anonymous_2)
FN:63,(anonymous_3)
FN:76,(anonymous_4)
FN:77,(anonymous_5)
FN:82,(anonymous_6)
FN:101,(anonymous_7)
FN:102,(anonymous_8)
FN:105,(anonymous_9)
FN:121,(anonymous_10)
FN:122,(anonymous_11)
FN:128,(anonymous_12)
FN:142,(anonymous_13)
FN:143,(anonymous_14)
FN:145,(anonymous_15)
FN:153,(anonymous_16)
FN:166,(anonymous_17)
FN:167,(anonymous_18)
FN:176,(anonymous_19)
FN:192,(anonymous_20)
FN:193,(anonymous_21)
FN:198,(anonymous_22)
FN:217,(anonymous_23)
FN:218,(anonymous_24)
FN:220,(anonymous_25)
FN:236,(anonymous_26)
FN:237,(anonymous_27)
FN:239,(anonymous_28)
FN:264,(anonymous_29)
FN:265,(anonymous_30)
FN:267,(anonymous_31)
FN:274,(anonymous_32)
FN:296,(anonymous_33)
FN:297,(anonymous_34)
FN:299,(anonymous_35)
FNF:36
FNH:0
FNDA:0,(anonymous_0)
FNDA:0,(anonymous_1)
FNDA:0,(anonymous_2)
FNDA:0,(anonymous_3)
FNDA:0,(anonymous_4)
FNDA:0,(anonymous_5)
FNDA:0,(anonymous_6)
FNDA:0,(anonymous_7)
FNDA:0,(anonymous_8)
FNDA:0,(anonymous_9)
FNDA:0,(anonymous_10)
FNDA:0,(anonymous_11)
FNDA:0,(anonymous_12)
FNDA:0,(anonymous_13)
FNDA:0,(anonymous_14)
FNDA:0,(anonymous_15)
FNDA:0,(anonymous_16)
FNDA:0,(anonymous_17)
FNDA:0,(anonymous_18)
FNDA:0,(anonymous_19)
FNDA:0,(anonymous_20)
FNDA:0,(anonymous_21)
FNDA:0,(anonymous_22)
FNDA:0,(anonymous_23)
FNDA:0,(anonymous_24)
FNDA:0,(anonymous_25)
FNDA:0,(anonymous_26)
FNDA:0,(anonymous_27)
FNDA:0,(anonymous_28)
FNDA:0,(anonymous_29)
FNDA:0,(anonymous_30)
FNDA:0,(anonymous_31)
FNDA:0,(anonymous_32)
FNDA:0,(anonymous_33)
FNDA:0,(anonymous_34)
FNDA:0,(anonymous_35)
DA:1,3
DA:2,3
DA:3,3
DA:4,3
DA:5,3
DA:53,3
DA:54,0
DA:55,0
DA:57,0
DA:58,0
DA:60,0
DA:64,0
DA:76,3
DA:77,0
DA:78,0
DA:83,0
DA:84,0
DA:86,0
DA:101,3
DA:102,0
DA:103,0
DA:106,0
DA:121,3
DA:122,0
DA:123,0
DA:124,0
DA:129,0
DA:142,3
DA:143,0
DA:144,0
DA:146,0
DA:147,0
DA:149,0
DA:150,0
DA:151,0
DA:154,0
DA:166,3
DA:167,0
DA:168,0
DA:177,0
DA:178,0
DA:180,0
DA:192,3
DA:193,0
DA:194,0
DA:199,0
DA:200,0
DA:202,0
DA:217,3
DA:218,0
DA:219,0
DA:221,0
DA:236,3
DA:237,0
DA:238,0
DA:240,0
DA:241,0
DA:243,0
DA:264,3
DA:265,0
DA:266,0
DA:268,0
DA:269,0
DA:271,0
DA:272,0
DA:275,0
DA:296,3
DA:297,0
DA:298,0
DA:300,0
DA:301,0
DA:303,0
DA:309,3
LF:73
LH:17
BRDA:57,0,0,0
BRDA:57,0,1,0
BRDA:83,1,0,0
BRDA:83,1,1,0
BRDA:146,2,0,0
BRDA:146,2,1,0
BRDA:177,3,0,0
BRDA:177,3,1,0
BRDA:199,4,0,0
BRDA:199,4,1,0
BRDA:240,5,0,0
BRDA:240,5,1,0
BRDA:268,6,0,0
BRDA:268,6,1,0
BRDA:300,7,0,0
BRDA:300,7,1,0
BRF:16
BRH:0
end_of_record
TN:
SF:server\routes\userRoutes.js
FN:82,(anonymous_0)
FN:85,(anonymous_1)
FN:91,(anonymous_2)
FNF:3
FNH:0
FNDA:0,(anonymous_0)
FNDA:0,(anonymous_1)
FNDA:0,(anonymous_2)
DA:1,3
DA:2,3
DA:3,3
DA:4,3
DA:44,3
DA:53,3
DA:62,3
DA:71,3
DA:80,3
DA:82,3
DA:83,0
DA:86,0
DA:87,0
DA:89,0
DA:92,0
DA:96,3
LF:16
LH:11
BRDA:86,0,0,0
BRDA:86,0,1,0
BRF:2
BRH:0
end_of_record
TN:
SF:server\scripts\importData.js
FN:11,(anonymous_0)
FN:15,(anonymous_1)
FN:19,(anonymous_2)
FN:23,(anonymous_3)
FN:27,(anonymous_4)
FN:29,(anonymous_5)
FN:35,(anonymous_6)
FN:39,(anonymous_7)
FN:43,(anonymous_8)
FN:47,(anonymous_9)
FN:51,(anonymous_10)
FN:61,importUsers
FN:63,(anonymous_12)
FN:64,(anonymous_13)
FN:70,(anonymous_14)
FN:72,(anonymous_15)
FN:84,(anonymous_16)
FN:86,(anonymous_17)
FN:87,(anonymous_18)
FN:100,(anonymous_19)
FN:102,(anonymous_20)
FN:103,(anonymous_21)
FNF:22
FNH:6
FNDA:0,(anonymous_0)
FNDA:0,(anonymous_1)
FNDA:0,(anonymous_2)
FNDA:0,(anonymous_3)
FNDA:0,(anonymous_4)
FNDA:0,(anonymous_5)
FNDA:0,(anonymous_6)
FNDA:0,(anonymous_7)
FNDA:0,(anonymous_8)
FNDA:0,(anonymous_9)
FNDA:0,(anonymous_10)
FNDA:0,importUsers
FNDA:0,(anonymous_12)
FNDA:0,(anonymous_13)
FNDA:0,(anonymous_14)
FNDA:0,(anonymous_15)
FNDA:2,(anonymous_16)
FNDA:2,(anonymous_17)
FNDA:2,(anonymous_18)
FNDA:1,(anonymous_19)
FNDA:1,(anonymous_20)
FNDA:1,(anonymous_21)
DA:1,1
DA:2,1
DA:3,1
DA:4,1
DA:5,1
DA:6,1
DA:7,1
DA:8,1
DA:9,1
DA:11,1
DA:12,0
DA:14,0
DA:16,0
DA:17,0
DA:20,0
DA:21,0
DA:24,0
DA:25,0
DA:28,0
DA:29,0
DA:30,0
DA:31,0
DA:33,0
DA:36,0
DA:37,0
DA:40,0
DA:41,0
DA:44,0
DA:45,0
DA:48,0
DA:49,0
DA:52,0
DA:57,1
DA:58,0
DA:62,0
DA:63,0
DA:64,0
DA:65,0
DA:66,0
DA:67,0
DA:69,0
DA:70,0
DA:71,0
DA:73,0
DA:74,0
DA:83,1
DA:85,2
DA:86,2
DA:87,2
DA:88,2
DA:89,1
DA:90,1
DA:92,1
DA:93,1
DA:101,1
DA:102,1
DA:103,1
DA:104,1
DA:105,0
DA:106,0
DA:108,1
DA:109,1
LF:62
LH:26
BRDA:12,0,0,0
BRDA:12,0,1,0
BRDA:57,1,0,0
BRDA:57,1,1,1
BRDA:62,2,0,0
BRDA:62,2,1,0
BRDA:65,3,0,0
BRDA:65,3,1,0
BRDA:85,4,0,2
BRDA:85,4,1,0
BRDA:88,5,0,1
BRDA:88,5,1,1
BRDA:101,6,0,1
BRDA:101,6,1,0
BRDA:104,7,0,0
BRDA:104,7,1,1
BRF:16
BRH:6
end_of_record
